{"D:\\NGNF\\大四一\\Agile Software Practice\\Continous Assessment\\assignment2\\api\\users\\userModel.js":{"path":"D:\\NGNF\\大四一\\Agile Software Practice\\Continous Assessment\\assignment2\\api\\users\\userModel.js","statementMap":{"0":{"start":{"line":3,"column":29},"end":{"line":3,"column":84}},"1":{"start":{"line":4,"column":0},"end":{"line":6,"column":3}},"2":{"start":{"line":7,"column":0},"end":{"line":7,"column":28}},"3":{"start":{"line":8,"column":16},"end":{"line":8,"column":59}},"4":{"start":{"line":9,"column":20},"end":{"line":9,"column":68}},"5":{"start":{"line":10,"column":13},"end":{"line":10,"column":40}},"6":{"start":{"line":11,"column":17},"end":{"line":24,"column":2}},"7":{"start":{"line":25,"column":0},"end":{"line":29,"column":2}},"8":{"start":{"line":26,"column":2},"end":{"line":28,"column":5}},"9":{"start":{"line":30,"column":0},"end":{"line":37,"column":2}},"10":{"start":{"line":31,"column":2},"end":{"line":36,"column":5}},"11":{"start":{"line":32,"column":4},"end":{"line":34,"column":5}},"12":{"start":{"line":33,"column":6},"end":{"line":33,"column":27}},"13":{"start":{"line":35,"column":4},"end":{"line":35,"column":28}},"14":{"start":{"line":38,"column":0},"end":{"line":56,"column":3}},"15":{"start":{"line":39,"column":13},"end":{"line":39,"column":17}},"16":{"start":{"line":40,"column":2},"end":{"line":55,"column":3}},"17":{"start":{"line":41,"column":4},"end":{"line":52,"column":7}},"18":{"start":{"line":42,"column":6},"end":{"line":44,"column":7}},"19":{"start":{"line":43,"column":8},"end":{"line":43,"column":25}},"20":{"start":{"line":45,"column":6},"end":{"line":51,"column":9}},"21":{"start":{"line":46,"column":8},"end":{"line":48,"column":9}},"22":{"start":{"line":47,"column":10},"end":{"line":47,"column":27}},"23":{"start":{"line":49,"column":8},"end":{"line":49,"column":29}},"24":{"start":{"line":50,"column":8},"end":{"line":50,"column":15}},"25":{"start":{"line":54,"column":4},"end":{"line":54,"column":18}},"26":{"start":{"line":57,"column":15},"end":{"line":57,"column":61}},"27":{"start":{"line":58,"column":0},"end":{"line":58,"column":30}}},"fnMap":{"0":{"name":"(anonymous_0)","decl":{"start":{"line":25,"column":36},"end":{"line":25,"column":37}},"loc":{"start":{"line":25,"column":56},"end":{"line":29,"column":1}},"line":25},"1":{"name":"(anonymous_1)","decl":{"start":{"line":30,"column":37},"end":{"line":30,"column":38}},"loc":{"start":{"line":30,"column":64},"end":{"line":37,"column":1}},"line":30},"2":{"name":"(anonymous_2)","decl":{"start":{"line":31,"column":57},"end":{"line":31,"column":58}},"loc":{"start":{"line":31,"column":81},"end":{"line":36,"column":3}},"line":31},"3":{"name":"(anonymous_3)","decl":{"start":{"line":38,"column":23},"end":{"line":38,"column":24}},"loc":{"start":{"line":38,"column":39},"end":{"line":56,"column":1}},"line":38},"4":{"name":"(anonymous_4)","decl":{"start":{"line":41,"column":41},"end":{"line":41,"column":42}},"loc":{"start":{"line":41,"column":62},"end":{"line":52,"column":5}},"line":41},"5":{"name":"(anonymous_5)","decl":{"start":{"line":45,"column":63},"end":{"line":45,"column":64}},"loc":{"start":{"line":45,"column":84},"end":{"line":51,"column":7}},"line":45}},"branchMap":{"0":{"loc":{"start":{"line":32,"column":4},"end":{"line":34,"column":5}},"type":"if","locations":[{"start":{"line":32,"column":4},"end":{"line":34,"column":5}},{"start":{"line":32,"column":4},"end":{"line":34,"column":5}}],"line":32},"1":{"loc":{"start":{"line":40,"column":2},"end":{"line":55,"column":3}},"type":"if","locations":[{"start":{"line":40,"column":2},"end":{"line":55,"column":3}},{"start":{"line":40,"column":2},"end":{"line":55,"column":3}}],"line":40},"2":{"loc":{"start":{"line":40,"column":6},"end":{"line":40,"column":47}},"type":"binary-expr","locations":[{"start":{"line":40,"column":6},"end":{"line":40,"column":33}},{"start":{"line":40,"column":37},"end":{"line":40,"column":47}}],"line":40},"3":{"loc":{"start":{"line":42,"column":6},"end":{"line":44,"column":7}},"type":"if","locations":[{"start":{"line":42,"column":6},"end":{"line":44,"column":7}},{"start":{"line":42,"column":6},"end":{"line":44,"column":7}}],"line":42},"4":{"loc":{"start":{"line":46,"column":8},"end":{"line":48,"column":9}},"type":"if","locations":[{"start":{"line":46,"column":8},"end":{"line":48,"column":9}},{"start":{"line":46,"column":8},"end":{"line":48,"column":9}}],"line":46}},"s":{"0":1,"1":1,"2":1,"3":1,"4":1,"5":1,"6":1,"7":1,"8":110,"9":1,"10":1,"11":1,"12":0,"13":1,"14":1,"15":86,"16":86,"17":73,"18":73,"19":0,"20":73,"21":73,"22":0,"23":73,"24":73,"25":13,"26":1,"27":1},"f":{"0":110,"1":1,"2":1,"3":86,"4":73,"5":73},"b":{"0":[0,1],"1":[73,13],"2":[86,13],"3":[0,73],"4":[0,73]},"inputSourceMap":{"version":3,"names":["Schema","mongoose","UserSchema","username","type","String","unique","required","password","favourites","Number","statics","findByUserName","findOne","methods","comparePassword","passw","callback","bcrypt","compare","err","isMatch","pre","next","user","isModified","isNew","genSalt","salt","hash","model"],"sourceRoot":"D:\\NGNF\\大四一\\Agile Software Practice\\Continous Assessment\\assignment2\\api\\users\\","sources":["userModel.js"],"sourcesContent":["import mongoose from 'mongoose';\r\nimport bcrypt from 'bcrypt-nodejs';\r\n\r\nconst Schema = mongoose.Schema;\r\n\r\nconst UserSchema = new Schema({\r\n  username: { type: String, unique: true, required: true },\r\n  password: { type: String, required: true },\r\n  favourites: [{type: Number}]\r\n});\r\n\r\nUserSchema.statics.findByUserName = function (username) {\r\n  return this.findOne({ username: username });\r\n};\r\n\r\nUserSchema.methods.comparePassword = function (passw, callback) {\r\n  bcrypt.compare(passw, this.password, (err, isMatch) => {\r\n    if (err) {\r\n      return callback(err);\r\n    }\r\n    callback(null, isMatch);\r\n  });\r\n};\r\n\r\nUserSchema.pre('save', function(next) {\r\n  const user = this;\r\n  if (this.isModified('password') || this.isNew) {\r\n      bcrypt.genSalt(10, (err, salt)=> {\r\n          if (err) {\r\n              return next(err);\r\n          }\r\n          bcrypt.hash(user.password, salt, null, (err, hash)=> {\r\n              if (err) {\r\n                  return next(err);\r\n              }\r\n              user.password = hash;\r\n              next();\r\n          });\r\n      });\r\n  } else {\r\n      return next();\r\n  }\r\n});\r\n\r\nexport default mongoose.model('User', UserSchema);"],"mappings":";;;;;;;AAAA;AACA;AAEA,IAAMA,MAAM,GAAGC,oBAAQ,CAACD,MAAM;AAE9B,IAAME,UAAU,GAAG,IAAIF,MAAM,CAAC;EAC5BG,QAAQ,EAAE;IAAEC,IAAI,EAAEC,MAAM;IAAEC,MAAM,EAAE,IAAI;IAAEC,QAAQ,EAAE;EAAK,CAAC;EACxDC,QAAQ,EAAE;IAAEJ,IAAI,EAAEC,MAAM;IAAEE,QAAQ,EAAE;EAAK,CAAC;EAC1CE,UAAU,EAAE,CAAC;IAACL,IAAI,EAAEM;EAAM,CAAC;AAC7B,CAAC,CAAC;AAEFR,UAAU,CAACS,OAAO,CAACC,cAAc,GAAG,UAAUT,QAAQ,EAAE;EACtD,OAAO,IAAI,CAACU,OAAO,CAAC;IAAEV,QAAQ,EAAEA;EAAS,CAAC,CAAC;AAC7C,CAAC;AAEDD,UAAU,CAACY,OAAO,CAACC,eAAe,GAAG,UAAUC,KAAK,EAAEC,QAAQ,EAAE;EAC9DC,wBAAM,CAACC,OAAO,CAACH,KAAK,EAAE,IAAI,CAACR,QAAQ,EAAE,UAACY,GAAG,EAAEC,OAAO,EAAK;IACrD,IAAID,GAAG,EAAE;MACP,OAAOH,QAAQ,CAACG,GAAG,CAAC;IACtB;IACAH,QAAQ,CAAC,IAAI,EAAEI,OAAO,CAAC;EACzB,CAAC,CAAC;AACJ,CAAC;AAEDnB,UAAU,CAACoB,GAAG,CAAC,MAAM,EAAE,UAASC,IAAI,EAAE;EACpC,IAAMC,IAAI,GAAG,IAAI;EACjB,IAAI,IAAI,CAACC,UAAU,CAAC,UAAU,CAAC,IAAI,IAAI,CAACC,KAAK,EAAE;IAC3CR,wBAAM,CAACS,OAAO,CAAC,EAAE,EAAE,UAACP,GAAG,EAAEQ,IAAI,EAAI;MAC7B,IAAIR,GAAG,EAAE;QACL,OAAOG,IAAI,CAACH,GAAG,CAAC;MACpB;MACAF,wBAAM,CAACW,IAAI,CAACL,IAAI,CAAChB,QAAQ,EAAEoB,IAAI,EAAE,IAAI,EAAE,UAACR,GAAG,EAAES,IAAI,EAAI;QACjD,IAAIT,GAAG,EAAE;UACL,OAAOG,IAAI,CAACH,GAAG,CAAC;QACpB;QACAI,IAAI,CAAChB,QAAQ,GAAGqB,IAAI;QACpBN,IAAI,EAAE;MACV,CAAC,CAAC;IACN,CAAC,CAAC;EACN,CAAC,MAAM;IACH,OAAOA,IAAI,EAAE;EACjB;AACF,CAAC,CAAC;AAAC,eAEYtB,oBAAQ,CAAC6B,KAAK,CAAC,MAAM,EAAE5B,UAAU,CAAC;AAAA"},"_coverageSchema":"1a1c01bbd47fc00a2c39e90264f33305004495a9","hash":"37c8eb135548424f29768c217fe0e10a25bd4c16","contentHash":"1c19eb7653caed5efb40d7c99a31fc47e4cb416565bd649800f527c31c9aa928"},"D:\\NGNF\\大四一\\Agile Software Practice\\Continous Assessment\\assignment2\\seedData\\users.js":{"path":"D:\\NGNF\\大四一\\Agile Software Practice\\Continous Assessment\\assignment2\\seedData\\users.js","statementMap":{"0":{"start":{"line":3,"column":0},"end":{"line":5,"column":3}},"1":{"start":{"line":6,"column":0},"end":{"line":6,"column":28}},"2":{"start":{"line":7,"column":12},"end":{"line":14,"column":2}},"3":{"start":{"line":15,"column":15},"end":{"line":15,"column":20}},"4":{"start":{"line":16,"column":0},"end":{"line":16,"column":30}}},"fnMap":{},"branchMap":{},"s":{"0":1,"1":1,"2":1,"3":1,"4":1},"f":{},"b":{},"inputSourceMap":{"version":3,"names":["users"],"sourceRoot":"D:\\NGNF\\大四一\\Agile Software Practice\\Continous Assessment\\assignment2\\seedData\\","sources":["users.js"],"sourcesContent":["const  users = [\r\n    {\r\n        'username': 'user1',\r\n        'password': 'test1',\r\n        'favourites': [590706, 671583, 602211]\r\n    },\r\n    {\r\n        'username': 'user2',\r\n        'password': 'test2',\r\n    },\r\n];\r\nexport default users;"],"mappings":";;;;;;AAAA,IAAOA,KAAK,GAAG,CACX;EACI,UAAU,EAAE,OAAO;EACnB,UAAU,EAAE,OAAO;EACnB,YAAY,EAAE,CAAC,MAAM,EAAE,MAAM,EAAE,MAAM;AACzC,CAAC,EACD;EACI,UAAU,EAAE,OAAO;EACnB,UAAU,EAAE;AAChB,CAAC,CACJ;AAAC,eACaA,KAAK;AAAA"},"_coverageSchema":"1a1c01bbd47fc00a2c39e90264f33305004495a9","hash":"cee7f9d821ab2794fa8037088433718b8991be5b","contentHash":"1872f9b993b07cbf78bd2c37f5ff5f955381f17b4acec9a2158eb9dd56577c52"},"D:\\NGNF\\大四一\\Agile Software Practice\\Continous Assessment\\assignment2\\index.js":{"path":"D:\\NGNF\\大四一\\Agile Software Practice\\Continous Assessment\\assignment2\\index.js","statementMap":{"0":{"start":{"line":3,"column":29},"end":{"line":3,"column":84}},"1":{"start":{"line":4,"column":14},"end":{"line":4,"column":55}},"2":{"start":{"line":5,"column":15},"end":{"line":5,"column":57}},"3":{"start":{"line":6,"column":14},"end":{"line":6,"column":61}},"4":{"start":{"line":7,"column":12},"end":{"line":7,"column":64}},"5":{"start":{"line":8,"column":14},"end":{"line":8,"column":61}},"6":{"start":{"line":9,"column":0},"end":{"line":9,"column":16}},"7":{"start":{"line":10,"column":0},"end":{"line":10,"column":22}},"8":{"start":{"line":11,"column":13},"end":{"line":11,"column":59}},"9":{"start":{"line":12,"column":14},"end":{"line":12,"column":61}},"10":{"start":{"line":13,"column":16},"end":{"line":13,"column":65}},"11":{"start":{"line":14,"column":22},"end":{"line":14,"column":72}},"12":{"start":{"line":15,"column":20},"end":{"line":15,"column":69}},"13":{"start":{"line":16,"column":16},"end":{"line":16,"column":59}},"14":{"start":{"line":17,"column":0},"end":{"line":21,"column":1}},"15":{"start":{"line":18,"column":2},"end":{"line":18,"column":40}},"16":{"start":{"line":20,"column":2},"end":{"line":20,"column":40}},"17":{"start":{"line":22,"column":0},"end":{"line":22,"column":28}},"18":{"start":{"line":23,"column":17},"end":{"line":30,"column":1}},"19":{"start":{"line":26,"column":2},"end":{"line":28,"column":3}},"20":{"start":{"line":27,"column":4},"end":{"line":27,"column":57}},"21":{"start":{"line":29,"column":2},"end":{"line":29,"column":123}},"22":{"start":{"line":31,"column":10},"end":{"line":31,"column":36}},"23":{"start":{"line":32,"column":11},"end":{"line":32,"column":27}},"24":{"start":{"line":33,"column":0},"end":{"line":33,"column":36}},"25":{"start":{"line":34,"column":0},"end":{"line":34,"column":47}},"26":{"start":{"line":35,"column":0},"end":{"line":35,"column":43}},"27":{"start":{"line":36,"column":0},"end":{"line":38,"column":22}},"28":{"start":{"line":39,"column":0},"end":{"line":39,"column":43}},"29":{"start":{"line":40,"column":0},"end":{"line":40,"column":41}},"30":{"start":{"line":41,"column":0},"end":{"line":43,"column":24}},"31":{"start":{"line":44,"column":0},"end":{"line":44,"column":47}},"32":{"start":{"line":45,"column":0},"end":{"line":45,"column":20}},"33":{"start":{"line":46,"column":13},"end":{"line":48,"column":2}},"34":{"start":{"line":47,"column":2},"end":{"line":47,"column":63}},"35":{"start":{"line":49,"column":0},"end":{"line":49,"column":24}}},"fnMap":{"0":{"name":"errHandler","decl":{"start":{"line":23,"column":26},"end":{"line":23,"column":36}},"loc":{"start":{"line":23,"column":58},"end":{"line":30,"column":1}},"line":23},"1":{"name":"(anonymous_1)","decl":{"start":{"line":46,"column":30},"end":{"line":46,"column":31}},"loc":{"start":{"line":46,"column":42},"end":{"line":48,"column":1}},"line":46}},"branchMap":{"0":{"loc":{"start":{"line":17,"column":0},"end":{"line":21,"column":1}},"type":"if","locations":[{"start":{"line":17,"column":0},"end":{"line":21,"column":1}},{"start":{"line":17,"column":0},"end":{"line":21,"column":1}}],"line":17},"1":{"loc":{"start":{"line":26,"column":2},"end":{"line":28,"column":3}},"type":"if","locations":[{"start":{"line":26,"column":2},"end":{"line":28,"column":3}},{"start":{"line":26,"column":2},"end":{"line":28,"column":3}}],"line":26}},"s":{"0":1,"1":1,"2":1,"3":1,"4":1,"5":1,"6":1,"7":1,"8":1,"9":1,"10":1,"11":1,"12":1,"13":1,"14":1,"15":1,"16":0,"17":1,"18":1,"19":76,"20":0,"21":76,"22":1,"23":1,"24":1,"25":1,"26":1,"27":1,"28":1,"29":1,"30":1,"31":1,"32":1,"33":1,"34":1,"35":1},"f":{"0":76,"1":1},"b":{"0":[1,0],"1":[0,76]},"inputSourceMap":{"version":3,"names":["process","env","NODE_ENV","loglevel","setLevel","dotenv","config","errHandler","err","req","res","next","status","send","stack","app","express","port","PORT","use","json","passport","initialize","moviesRouter","authenticate","session","moviesAuthenticateRouter","genresRouter","usersRouter","peopleRouter","trendingRouter","server","listen","info","module","exports"],"sourceRoot":"D:\\NGNF\\大四一\\Agile Software Practice\\Continous Assessment\\assignment2\\","sources":["index.js"],"sourcesContent":["import dotenv from 'dotenv';\r\nimport express from 'express';\r\nimport moviesRouter from './api/movies';\r\nimport moviesAuthenticateRouter from './api/movies/tmdb';\r\nimport genresRouter from './api/genres';\r\nimport './db';\r\nimport './seedData'\r\nimport usersRouter from './api/users';\r\nimport peopleRouter from './api/people';\r\nimport trendingRouter from './api/trending';\r\nimport session from 'express-session';\r\nimport passport from './authenticate';\r\nimport loglevel from 'loglevel';\r\n\r\nif (process.env.NODE_ENV === 'test') {\r\n  loglevel.setLevel('warn')\r\n} else {\r\n  loglevel.setLevel('info')\r\n}\r\ndotenv.config();\r\nconst errHandler = (err, req, res, next) => {\r\n  /* if the error in development then send stack trace to display whole error,\r\n  if it's in production then just send error message  */\r\n  if (process.env.NODE_ENV === 'production') {\r\n    return res.status(500).send(`Something went wrong!`);\r\n  }\r\n  res.status(500).send(`Hey!! You caught the error 👍👍. Here's the details: ${err.stack} `);\r\n};\r\n\r\nconst app = express();\r\n\r\nconst port = process.env.PORT;\r\napp.use(express.json());\r\napp.use(passport.initialize());\r\napp.use('/api/movies', moviesRouter);\r\napp.use('/api/movies/tmdb', passport.authenticate('jwt', { session: false }), moviesAuthenticateRouter);\r\napp.use('/api/genres', genresRouter);\r\napp.use('/api/users', usersRouter);\r\napp.use('/api/people', passport.authenticate('jwt', { session: false }), peopleRouter);\r\napp.use('/api/trending', trendingRouter);\r\napp.use(errHandler);\r\nlet server = app.listen(port, () => {\r\n  loglevel.info(`Server running at ${port}`);\r\n});\r\nmodule.exports = server"],"mappings":";;;AAAA;AACA;AACA;AACA;AACA;AACA;AACA;AACA;AACA;AACA;AACA;AACA;AACA;AAEA,IAAIA,OAAO,CAACC,GAAG,CAACC,QAAQ,KAAK,MAAM,EAAE;EACnCC,oBAAQ,CAACC,QAAQ,CAAC,MAAM,CAAC;AAC3B,CAAC,MAAM;EACLD,oBAAQ,CAACC,QAAQ,CAAC,MAAM,CAAC;AAC3B;AACAC,kBAAM,CAACC,MAAM,EAAE;AACf,IAAMC,UAAU,GAAG,SAAbA,UAAU,CAAIC,GAAG,EAAEC,GAAG,EAAEC,GAAG,EAAEC,IAAI,EAAK;EAC1C;AACF;EACE,IAAIX,OAAO,CAACC,GAAG,CAACC,QAAQ,KAAK,YAAY,EAAE;IACzC,OAAOQ,GAAG,CAACE,MAAM,CAAC,GAAG,CAAC,CAACC,IAAI,yBAAyB;EACtD;EACAH,GAAG,CAACE,MAAM,CAAC,GAAG,CAAC,CAACC,IAAI,oFAAyDL,GAAG,CAACM,KAAK,OAAI;AAC5F,CAAC;AAED,IAAMC,GAAG,GAAG,IAAAC,mBAAO,GAAE;AAErB,IAAMC,IAAI,GAAGjB,OAAO,CAACC,GAAG,CAACiB,IAAI;AAC7BH,GAAG,CAACI,GAAG,CAACH,mBAAO,CAACI,IAAI,EAAE,CAAC;AACvBL,GAAG,CAACI,GAAG,CAACE,wBAAQ,CAACC,UAAU,EAAE,CAAC;AAC9BP,GAAG,CAACI,GAAG,CAAC,aAAa,EAAEI,kBAAY,CAAC;AACpCR,GAAG,CAACI,GAAG,CAAC,kBAAkB,EAAEE,wBAAQ,CAACG,YAAY,CAAC,KAAK,EAAE;EAAEC,OAAO,EAAE;AAAM,CAAC,CAAC,EAAEC,gBAAwB,CAAC;AACvGX,GAAG,CAACI,GAAG,CAAC,aAAa,EAAEQ,kBAAY,CAAC;AACpCZ,GAAG,CAACI,GAAG,CAAC,YAAY,EAAES,iBAAW,CAAC;AAClCb,GAAG,CAACI,GAAG,CAAC,aAAa,EAAEE,wBAAQ,CAACG,YAAY,CAAC,KAAK,EAAE;EAAEC,OAAO,EAAE;AAAM,CAAC,CAAC,EAAEI,kBAAY,CAAC;AACtFd,GAAG,CAACI,GAAG,CAAC,eAAe,EAAEW,oBAAc,CAAC;AACxCf,GAAG,CAACI,GAAG,CAACZ,UAAU,CAAC;AACnB,IAAIwB,MAAM,GAAGhB,GAAG,CAACiB,MAAM,CAACf,IAAI,EAAE,YAAM;EAClCd,oBAAQ,CAAC8B,IAAI,6BAAsBhB,IAAI,EAAG;AAC5C,CAAC,CAAC;AACFiB,MAAM,CAACC,OAAO,GAAGJ,MAAM"},"_coverageSchema":"1a1c01bbd47fc00a2c39e90264f33305004495a9","hash":"97a01fa05c277f310862b2920eee98dd3b856295","contentHash":"43e89b60e8d8beb10b11643a6fdd1b589df4adfdafa50aa3ba6411460c653916"},"D:\\NGNF\\大四一\\Agile Software Practice\\Continous Assessment\\assignment2\\api\\movies\\index.js":{"path":"D:\\NGNF\\大四一\\Agile Software Practice\\Continous Assessment\\assignment2\\api\\movies\\index.js","statementMap":{"0":{"start":{"line":3,"column":29},"end":{"line":3,"column":84}},"1":{"start":{"line":4,"column":0},"end":{"line":6,"column":3}},"2":{"start":{"line":7,"column":0},"end":{"line":7,"column":28}},"3":{"start":{"line":8,"column":19},"end":{"line":8,"column":80}},"4":{"start":{"line":9,"column":25},"end":{"line":9,"column":99}},"5":{"start":{"line":10,"column":15},"end":{"line":10,"column":57}},"6":{"start":{"line":11,"column":18},"end":{"line":11,"column":41}},"7":{"start":{"line":12,"column":14},"end":{"line":12,"column":55}},"8":{"start":{"line":13,"column":18},"end":{"line":13,"column":65}},"9":{"start":{"line":14,"column":27},"end":{"line":14,"column":83}},"10":{"start":{"line":15,"column":15},"end":{"line":15,"column":37}},"11":{"start":{"line":16,"column":13},"end":{"line":16,"column":41}},"12":{"start":{"line":17,"column":17},"end":{"line":17,"column":35}},"13":{"start":{"line":18,"column":14},"end":{"line":18,"column":32}},"14":{"start":{"line":19,"column":0},"end":{"line":39,"column":6}},"15":{"start":{"line":20,"column":13},"end":{"line":35,"column":5}},"16":{"start":{"line":22,"column":4},"end":{"line":34,"column":16}},"17":{"start":{"line":23,"column":6},"end":{"line":33,"column":7}},"18":{"start":{"line":23,"column":16},"end":{"line":33,"column":7}},"19":{"start":{"line":25,"column":10},"end":{"line":25,"column":28}},"20":{"start":{"line":26,"column":10},"end":{"line":26,"column":47}},"21":{"start":{"line":28,"column":10},"end":{"line":28,"column":33}},"22":{"start":{"line":29,"column":10},"end":{"line":29,"column":39}},"23":{"start":{"line":32,"column":10},"end":{"line":32,"column":33}},"24":{"start":{"line":36,"column":2},"end":{"line":38,"column":4}},"25":{"start":{"line":37,"column":4},"end":{"line":37,"column":39}},"26":{"start":{"line":42,"column":0},"end":{"line":81,"column":6}},"27":{"start":{"line":43,"column":14},"end":{"line":77,"column":5}},"28":{"start":{"line":45,"column":4},"end":{"line":76,"column":17}},"29":{"start":{"line":46,"column":6},"end":{"line":75,"column":7}},"30":{"start":{"line":46,"column":16},"end":{"line":75,"column":7}},"31":{"start":{"line":48,"column":10},"end":{"line":51,"column":11}},"32":{"start":{"line":49,"column":12},"end":{"line":49,"column":31}},"33":{"start":{"line":50,"column":12},"end":{"line":50,"column":18}},"34":{"start":{"line":52,"column":10},"end":{"line":55,"column":13}},"35":{"start":{"line":56,"column":10},"end":{"line":56,"column":29}},"36":{"start":{"line":57,"column":10},"end":{"line":57,"column":16}},"37":{"start":{"line":59,"column":10},"end":{"line":59,"column":39}},"38":{"start":{"line":60,"column":10},"end":{"line":60,"column":29}},"39":{"start":{"line":61,"column":10},"end":{"line":61,"column":60}},"40":{"start":{"line":63,"column":10},"end":{"line":63,"column":33}},"41":{"start":{"line":64,"column":10},"end":{"line":71,"column":11}},"42":{"start":{"line":65,"column":12},"end":{"line":65,"column":40}},"43":{"start":{"line":67,"column":12},"end":{"line":70,"column":15}},"44":{"start":{"line":74,"column":10},"end":{"line":74,"column":34}},"45":{"start":{"line":78,"column":2},"end":{"line":80,"column":4}},"46":{"start":{"line":79,"column":4},"end":{"line":79,"column":40}},"47":{"start":{"line":84,"column":0},"end":{"line":100,"column":3}},"48":{"start":{"line":85,"column":11},"end":{"line":85,"column":34}},"49":{"start":{"line":87,"column":2},"end":{"line":99,"column":3}},"50":{"start":{"line":88,"column":4},"end":{"line":91,"column":7}},"51":{"start":{"line":92,"column":9},"end":{"line":99,"column":3}},"52":{"start":{"line":93,"column":4},"end":{"line":93,"column":51}},"53":{"start":{"line":95,"column":4},"end":{"line":98,"column":7}},"54":{"start":{"line":103,"column":0},"end":{"line":129,"column":3}},"55":{"start":{"line":104,"column":11},"end":{"line":104,"column":34}},"56":{"start":{"line":105,"column":2},"end":{"line":128,"column":3}},"57":{"start":{"line":106,"column":4},"end":{"line":109,"column":7}},"58":{"start":{"line":110,"column":9},"end":{"line":128,"column":3}},"59":{"start":{"line":111,"column":4},"end":{"line":122,"column":5}},"60":{"start":{"line":112,"column":6},"end":{"line":112,"column":39}},"61":{"start":{"line":113,"column":6},"end":{"line":113,"column":39}},"62":{"start":{"line":114,"column":6},"end":{"line":114,"column":46}},"63":{"start":{"line":115,"column":6},"end":{"line":115,"column":54}},"64":{"start":{"line":116,"column":6},"end":{"line":116,"column":37}},"65":{"start":{"line":118,"column":6},"end":{"line":121,"column":9}},"66":{"start":{"line":124,"column":4},"end":{"line":127,"column":7}},"67":{"start":{"line":130,"column":0},"end":{"line":162,"column":6}},"68":{"start":{"line":131,"column":14},"end":{"line":158,"column":5}},"69":{"start":{"line":133,"column":4},"end":{"line":157,"column":17}},"70":{"start":{"line":134,"column":6},"end":{"line":156,"column":7}},"71":{"start":{"line":134,"column":16},"end":{"line":156,"column":7}},"72":{"start":{"line":136,"column":10},"end":{"line":139,"column":11}},"73":{"start":{"line":137,"column":12},"end":{"line":137,"column":31}},"74":{"start":{"line":138,"column":12},"end":{"line":138,"column":18}},"75":{"start":{"line":140,"column":10},"end":{"line":140,"column":43}},"76":{"start":{"line":141,"column":10},"end":{"line":141,"column":29}},"77":{"start":{"line":142,"column":10},"end":{"line":142,"column":47}},"78":{"start":{"line":144,"column":10},"end":{"line":144,"column":35}},"79":{"start":{"line":145,"column":10},"end":{"line":145,"column":40}},"80":{"start":{"line":146,"column":10},"end":{"line":146,"column":29}},"81":{"start":{"line":147,"column":10},"end":{"line":147,"column":16}},"82":{"start":{"line":149,"column":10},"end":{"line":152,"column":13}},"83":{"start":{"line":155,"column":10},"end":{"line":155,"column":34}},"84":{"start":{"line":159,"column":2},"end":{"line":161,"column":4}},"85":{"start":{"line":160,"column":4},"end":{"line":160,"column":40}},"86":{"start":{"line":163,"column":15},"end":{"line":163,"column":21}},"87":{"start":{"line":164,"column":0},"end":{"line":164,"column":30}}},"fnMap":{"0":{"name":"(anonymous_0)","decl":{"start":{"line":19,"column":67},"end":{"line":19,"column":68}},"loc":{"start":{"line":19,"column":79},"end":{"line":39,"column":1}},"line":19},"1":{"name":"_callee","decl":{"start":{"line":20,"column":100},"end":{"line":20,"column":107}},"loc":{"start":{"line":20,"column":118},"end":{"line":35,"column":3}},"line":20},"2":{"name":"_callee$","decl":{"start":{"line":22,"column":49},"end":{"line":22,"column":57}},"loc":{"start":{"line":22,"column":68},"end":{"line":34,"column":5}},"line":22},"3":{"name":"(anonymous_3)","decl":{"start":{"line":36,"column":9},"end":{"line":36,"column":10}},"loc":{"start":{"line":36,"column":28},"end":{"line":38,"column":3}},"line":36},"4":{"name":"(anonymous_4)","decl":{"start":{"line":42,"column":70},"end":{"line":42,"column":71}},"loc":{"start":{"line":42,"column":82},"end":{"line":81,"column":1}},"line":42},"5":{"name":"_callee2","decl":{"start":{"line":43,"column":101},"end":{"line":43,"column":109}},"loc":{"start":{"line":43,"column":120},"end":{"line":77,"column":3}},"line":43},"6":{"name":"_callee2$","decl":{"start":{"line":45,"column":49},"end":{"line":45,"column":58}},"loc":{"start":{"line":45,"column":70},"end":{"line":76,"column":5}},"line":45},"7":{"name":"(anonymous_7)","decl":{"start":{"line":78,"column":9},"end":{"line":78,"column":10}},"loc":{"start":{"line":78,"column":29},"end":{"line":80,"column":3}},"line":78},"8":{"name":"(anonymous_8)","decl":{"start":{"line":84,"column":27},"end":{"line":84,"column":28}},"loc":{"start":{"line":84,"column":47},"end":{"line":100,"column":1}},"line":84},"9":{"name":"(anonymous_9)","decl":{"start":{"line":103,"column":28},"end":{"line":103,"column":29}},"loc":{"start":{"line":103,"column":48},"end":{"line":129,"column":1}},"line":103},"10":{"name":"(anonymous_10)","decl":{"start":{"line":130,"column":90},"end":{"line":130,"column":91}},"loc":{"start":{"line":130,"column":102},"end":{"line":162,"column":1}},"line":130},"11":{"name":"_callee3","decl":{"start":{"line":131,"column":101},"end":{"line":131,"column":109}},"loc":{"start":{"line":131,"column":120},"end":{"line":158,"column":3}},"line":131},"12":{"name":"_callee3$","decl":{"start":{"line":133,"column":49},"end":{"line":133,"column":58}},"loc":{"start":{"line":133,"column":70},"end":{"line":157,"column":5}},"line":133},"13":{"name":"(anonymous_13)","decl":{"start":{"line":159,"column":9},"end":{"line":159,"column":10}},"loc":{"start":{"line":159,"column":29},"end":{"line":161,"column":3}},"line":159}},"branchMap":{"0":{"loc":{"start":{"line":23,"column":16},"end":{"line":33,"column":7}},"type":"switch","locations":[{"start":{"line":24,"column":8},"end":{"line":26,"column":47}},{"start":{"line":27,"column":8},"end":{"line":29,"column":39}},{"start":{"line":30,"column":8},"end":{"line":30,"column":15}},{"start":{"line":31,"column":8},"end":{"line":32,"column":33}}],"line":23},"1":{"loc":{"start":{"line":46,"column":16},"end":{"line":75,"column":7}},"type":"switch","locations":[{"start":{"line":47,"column":8},"end":{"line":57,"column":16}},{"start":{"line":58,"column":8},"end":{"line":61,"column":60}},{"start":{"line":62,"column":8},"end":{"line":71,"column":11}},{"start":{"line":72,"column":8},"end":{"line":72,"column":15}},{"start":{"line":73,"column":8},"end":{"line":74,"column":34}}],"line":46},"2":{"loc":{"start":{"line":48,"column":10},"end":{"line":51,"column":11}},"type":"if","locations":[{"start":{"line":48,"column":10},"end":{"line":51,"column":11}},{"start":{"line":48,"column":10},"end":{"line":51,"column":11}}],"line":48},"3":{"loc":{"start":{"line":64,"column":10},"end":{"line":71,"column":11}},"type":"if","locations":[{"start":{"line":64,"column":10},"end":{"line":71,"column":11}},{"start":{"line":64,"column":10},"end":{"line":71,"column":11}}],"line":64},"4":{"loc":{"start":{"line":87,"column":2},"end":{"line":99,"column":3}},"type":"if","locations":[{"start":{"line":87,"column":2},"end":{"line":99,"column":3}},{"start":{"line":87,"column":2},"end":{"line":99,"column":3}}],"line":87},"5":{"loc":{"start":{"line":92,"column":9},"end":{"line":99,"column":3}},"type":"if","locations":[{"start":{"line":92,"column":9},"end":{"line":99,"column":3}},{"start":{"line":92,"column":9},"end":{"line":99,"column":3}}],"line":92},"6":{"loc":{"start":{"line":105,"column":2},"end":{"line":128,"column":3}},"type":"if","locations":[{"start":{"line":105,"column":2},"end":{"line":128,"column":3}},{"start":{"line":105,"column":2},"end":{"line":128,"column":3}}],"line":105},"7":{"loc":{"start":{"line":110,"column":9},"end":{"line":128,"column":3}},"type":"if","locations":[{"start":{"line":110,"column":9},"end":{"line":128,"column":3}},{"start":{"line":110,"column":9},"end":{"line":128,"column":3}}],"line":110},"8":{"loc":{"start":{"line":111,"column":4},"end":{"line":122,"column":5}},"type":"if","locations":[{"start":{"line":111,"column":4},"end":{"line":122,"column":5}},{"start":{"line":111,"column":4},"end":{"line":122,"column":5}}],"line":111},"9":{"loc":{"start":{"line":111,"column":8},"end":{"line":111,"column":43}},"type":"binary-expr","locations":[{"start":{"line":111,"column":8},"end":{"line":111,"column":23}},{"start":{"line":111,"column":27},"end":{"line":111,"column":43}}],"line":111},"10":{"loc":{"start":{"line":134,"column":16},"end":{"line":156,"column":7}},"type":"switch","locations":[{"start":{"line":135,"column":8},"end":{"line":142,"column":47}},{"start":{"line":143,"column":8},"end":{"line":147,"column":16}},{"start":{"line":148,"column":8},"end":{"line":152,"column":13}},{"start":{"line":153,"column":8},"end":{"line":153,"column":15}},{"start":{"line":154,"column":8},"end":{"line":155,"column":34}}],"line":134},"11":{"loc":{"start":{"line":136,"column":10},"end":{"line":139,"column":11}},"type":"if","locations":[{"start":{"line":136,"column":10},"end":{"line":139,"column":11}},{"start":{"line":136,"column":10},"end":{"line":139,"column":11}}],"line":136}},"s":{"0":1,"1":1,"2":1,"3":1,"4":1,"5":1,"6":1,"7":1,"8":1,"9":1,"10":1,"11":1,"12":1,"13":1,"14":1,"15":1,"16":1,"17":2,"18":2,"19":1,"20":1,"21":1,"22":1,"23":1,"24":1,"25":1,"26":1,"27":1,"28":2,"29":4,"30":6,"31":2,"32":2,"33":2,"34":0,"35":0,"36":0,"37":2,"38":2,"39":2,"40":2,"41":2,"42":1,"43":1,"44":2,"45":1,"46":2,"47":1,"48":3,"49":3,"50":1,"51":2,"52":1,"53":1,"54":1,"55":9,"56":9,"57":1,"58":8,"59":7,"60":1,"61":1,"62":1,"63":1,"64":1,"65":6,"66":1,"67":1,"68":1,"69":2,"70":3,"71":5,"72":2,"73":1,"74":1,"75":1,"76":1,"77":1,"78":1,"79":1,"80":1,"81":1,"82":1,"83":2,"84":1,"85":2,"86":1,"87":1},"f":{"0":1,"1":1,"2":2,"3":1,"4":1,"5":2,"6":4,"7":2,"8":3,"9":9,"10":1,"11":2,"12":3,"13":2},"b":{"0":[1,1,1,1],"1":[2,2,2,2,2],"2":[2,0],"3":[1,1],"4":[1,2],"5":[1,1],"6":[1,8],"7":[7,1],"8":[1,6],"9":[7,3],"10":[2,1,1,2,2],"11":[1,1]},"inputSourceMap":{"version":3,"names":["router","express","Router","movieIdReg","pageReg","get","asyncHandler","req","res","movieModel","find","movies","status","json","test","params","id","message","status_code","parseInt","findByMovieDBId","movie","movieReviews","post","body","author","content","created_at","Date","updated_at","uniqid","results","push","page","getMovies"],"sourceRoot":"D:\\NGNF\\大四一\\Agile Software Practice\\Continous Assessment\\assignment2\\api\\movies\\","sources":["index.js"],"sourcesContent":["import express from 'express';\r\nimport { movies, movieReviews, movieDetails } from './moviesData';\r\nimport uniqid from 'uniqid'\r\nimport movieModel from './movieModel';\r\nimport asyncHandler from 'express-async-handler';\r\nimport { getUpcomingMovies, getMovies, getMovie, getMovieImages, getMovieReviews } from '../tmdb-api';\r\n\r\nconst router = express.Router();\r\nconst movieIdReg = /^[0-9]+.?[0-9]*$/;\r\nconst pageReg = /^[1-9]+.?[1-9]*$/;\r\n\r\nrouter.get('/', asyncHandler(async (req, res) => {\r\n    const movies = await movieModel.find();\r\n    res.status(200).json(movies);\r\n}));\r\n\r\n// Get movie details\r\nrouter.get('/:id', asyncHandler(async (req, res) => {\r\n    if (!movieIdReg.test(req.params.id)) {\r\n        res.status(403).json({ message: 'Invalid movie id.', status_code: 403 });\r\n    }\r\n    else {\r\n        const id = parseInt(req.params.id);\r\n        const movie = await movieModel.findByMovieDBId(id);\r\n\r\n        if (movie) {\r\n            res.status(200).json(movie);\r\n        } else {\r\n            res.status(404).json({ message: 'The resource you requested could not be found.', status_code: 404 });\r\n        }\r\n    }\r\n}));\r\n\r\n// Get movie reviews\r\nrouter.get('/:id/reviews', (req, res) => {\r\n    const id = parseInt(req.params.id);\r\n    // find reviews in list\r\n    if (!movieIdReg.test(id)) {\r\n        res.status(403).json({ message: 'Invalid movie id.', status_code: 403 });\r\n    }\r\n    else if (movieReviews.id == id) {\r\n        res.status(200).json(movieReviews);\r\n    } else {\r\n        res.status(404).json({\r\n            message: 'The resource you requested could not be found.',\r\n            status_code: 404\r\n        });\r\n    }\r\n});\r\n\r\n//Post a movie review\r\nrouter.post('/:id/reviews', (req, res) => {\r\n    const id = parseInt(req.params.id);\r\n\r\n    if (!movieIdReg.test(id)) {\r\n        res.status(403).json({ message: 'Invalid movie id.', status_code: 403 });\r\n    }\r\n    else if (movieReviews.id == id) {\r\n        if (req.body.author && req.body.content) {\r\n            req.body.created_at = new Date();\r\n            req.body.updated_at = new Date();\r\n            req.body.id = uniqid();\r\n            movieReviews.results.push(req.body); //push the new review onto the list\r\n            res.status(201).json(req.body);\r\n        }\r\n        else {\r\n            res.status(403).json({ message: 'Invalid author name or content.', status_code: 403 });\r\n        }\r\n    } else {\r\n        res.status(404).json({\r\n            message: 'The resource you requested could not be found.',\r\n            status_code: 404\r\n        });\r\n    }\r\n});\r\n\r\nrouter.get('/tmdb/discover/page:page', asyncHandler(async (req, res) => {\r\n    if (pageReg.test(req.params.page)) {\r\n        const page = parseInt(req.params.page);\r\n        const movies = await getMovies(page);\r\n        res.status(200).json(movies);\r\n    }\r\n    else {\r\n        res.status(404).json({ message: 'Invalid page form.', status_code: 404 })\r\n    }\r\n}));\r\nexport default router;"],"mappings":";;;;;;;;;AAAA;AACA;AACA;AACA;AACA;AACA;AAEA,IAAMA,MAAM,GAAGC,mBAAO,CAACC,MAAM,EAAE;AAC/B,IAAMC,UAAU,GAAG,kBAAkB;AACrC,IAAMC,OAAO,GAAG,kBAAkB;AAElCJ,MAAM,CAACK,GAAG,CAAC,GAAG,EAAE,IAAAC,+BAAY;EAAA,yFAAC,iBAAOC,GAAG,EAAEC,GAAG;IAAA;IAAA;MAAA;QAAA;UAAA;UAAA,OACnBC,sBAAU,CAACC,IAAI,EAAE;QAAA;UAAhCC,MAAM;UACZH,GAAG,CAACI,MAAM,CAAC,GAAG,CAAC,CAACC,IAAI,CAACF,MAAM,CAAC;QAAC;QAAA;UAAA;MAAA;IAAA;EAAA,CAChC;EAAA;IAAA;EAAA;AAAA,IAAC,CAAC;;AAEH;AACAX,MAAM,CAACK,GAAG,CAAC,MAAM,EAAE,IAAAC,+BAAY;EAAA,0FAAC,kBAAOC,GAAG,EAAEC,GAAG;IAAA;IAAA;MAAA;QAAA;UAAA,IACtCL,UAAU,CAACW,IAAI,CAACP,GAAG,CAACQ,MAAM,CAACC,EAAE,CAAC;YAAA;YAAA;UAAA;UAC/BR,GAAG,CAACI,MAAM,CAAC,GAAG,CAAC,CAACC,IAAI,CAAC;YAAEI,OAAO,EAAE,mBAAmB;YAAEC,WAAW,EAAE;UAAI,CAAC,CAAC;UAAC;UAAA;QAAA;UAGnEF,EAAE,GAAGG,QAAQ,CAACZ,GAAG,CAACQ,MAAM,CAACC,EAAE,CAAC;UAAA;UAAA,OACdP,sBAAU,CAACW,eAAe,CAACJ,EAAE,CAAC;QAAA;UAA5CK,KAAK;UAEX,IAAIA,KAAK,EAAE;YACPb,GAAG,CAACI,MAAM,CAAC,GAAG,CAAC,CAACC,IAAI,CAACQ,KAAK,CAAC;UAC/B,CAAC,MAAM;YACHb,GAAG,CAACI,MAAM,CAAC,GAAG,CAAC,CAACC,IAAI,CAAC;cAAEI,OAAO,EAAE,gDAAgD;cAAEC,WAAW,EAAE;YAAI,CAAC,CAAC;UACzG;QAAC;QAAA;UAAA;MAAA;IAAA;EAAA,CAER;EAAA;IAAA;EAAA;AAAA,IAAC,CAAC;;AAEH;AACAlB,MAAM,CAACK,GAAG,CAAC,cAAc,EAAE,UAACE,GAAG,EAAEC,GAAG,EAAK;EACrC,IAAMQ,EAAE,GAAGG,QAAQ,CAACZ,GAAG,CAACQ,MAAM,CAACC,EAAE,CAAC;EAClC;EACA,IAAI,CAACb,UAAU,CAACW,IAAI,CAACE,EAAE,CAAC,EAAE;IACtBR,GAAG,CAACI,MAAM,CAAC,GAAG,CAAC,CAACC,IAAI,CAAC;MAAEI,OAAO,EAAE,mBAAmB;MAAEC,WAAW,EAAE;IAAI,CAAC,CAAC;EAC5E,CAAC,MACI,IAAII,wBAAY,CAACN,EAAE,IAAIA,EAAE,EAAE;IAC5BR,GAAG,CAACI,MAAM,CAAC,GAAG,CAAC,CAACC,IAAI,CAACS,wBAAY,CAAC;EACtC,CAAC,MAAM;IACHd,GAAG,CAACI,MAAM,CAAC,GAAG,CAAC,CAACC,IAAI,CAAC;MACjBI,OAAO,EAAE,gDAAgD;MACzDC,WAAW,EAAE;IACjB,CAAC,CAAC;EACN;AACJ,CAAC,CAAC;;AAEF;AACAlB,MAAM,CAACuB,IAAI,CAAC,cAAc,EAAE,UAAChB,GAAG,EAAEC,GAAG,EAAK;EACtC,IAAMQ,EAAE,GAAGG,QAAQ,CAACZ,GAAG,CAACQ,MAAM,CAACC,EAAE,CAAC;EAElC,IAAI,CAACb,UAAU,CAACW,IAAI,CAACE,EAAE,CAAC,EAAE;IACtBR,GAAG,CAACI,MAAM,CAAC,GAAG,CAAC,CAACC,IAAI,CAAC;MAAEI,OAAO,EAAE,mBAAmB;MAAEC,WAAW,EAAE;IAAI,CAAC,CAAC;EAC5E,CAAC,MACI,IAAII,wBAAY,CAACN,EAAE,IAAIA,EAAE,EAAE;IAC5B,IAAIT,GAAG,CAACiB,IAAI,CAACC,MAAM,IAAIlB,GAAG,CAACiB,IAAI,CAACE,OAAO,EAAE;MACrCnB,GAAG,CAACiB,IAAI,CAACG,UAAU,GAAG,IAAIC,IAAI,EAAE;MAChCrB,GAAG,CAACiB,IAAI,CAACK,UAAU,GAAG,IAAID,IAAI,EAAE;MAChCrB,GAAG,CAACiB,IAAI,CAACR,EAAE,GAAG,IAAAc,kBAAM,GAAE;MACtBR,wBAAY,CAACS,OAAO,CAACC,IAAI,CAACzB,GAAG,CAACiB,IAAI,CAAC,CAAC,CAAC;MACrChB,GAAG,CAACI,MAAM,CAAC,GAAG,CAAC,CAACC,IAAI,CAACN,GAAG,CAACiB,IAAI,CAAC;IAClC,CAAC,MACI;MACDhB,GAAG,CAACI,MAAM,CAAC,GAAG,CAAC,CAACC,IAAI,CAAC;QAAEI,OAAO,EAAE,iCAAiC;QAAEC,WAAW,EAAE;MAAI,CAAC,CAAC;IAC1F;EACJ,CAAC,MAAM;IACHV,GAAG,CAACI,MAAM,CAAC,GAAG,CAAC,CAACC,IAAI,CAAC;MACjBI,OAAO,EAAE,gDAAgD;MACzDC,WAAW,EAAE;IACjB,CAAC,CAAC;EACN;AACJ,CAAC,CAAC;AAEFlB,MAAM,CAACK,GAAG,CAAC,0BAA0B,EAAE,IAAAC,+BAAY;EAAA,0FAAC,kBAAOC,GAAG,EAAEC,GAAG;IAAA;IAAA;MAAA;QAAA;UAAA,KAC3DJ,OAAO,CAACU,IAAI,CAACP,GAAG,CAACQ,MAAM,CAACkB,IAAI,CAAC;YAAA;YAAA;UAAA;UACvBA,IAAI,GAAGd,QAAQ,CAACZ,GAAG,CAACQ,MAAM,CAACkB,IAAI,CAAC;UAAA;UAAA,OACjB,IAAAC,kBAAS,EAACD,IAAI,CAAC;QAAA;UAA9BtB,OAAM;UACZH,GAAG,CAACI,MAAM,CAAC,GAAG,CAAC,CAACC,IAAI,CAACF,OAAM,CAAC;UAAC;UAAA;QAAA;UAG7BH,GAAG,CAACI,MAAM,CAAC,GAAG,CAAC,CAACC,IAAI,CAAC;YAAEI,OAAO,EAAE,oBAAoB;YAAEC,WAAW,EAAE;UAAI,CAAC,CAAC;QAAA;QAAA;UAAA;MAAA;IAAA;EAAA,CAEhF;EAAA;IAAA;EAAA;AAAA,IAAC,CAAC;AAAC,eACWlB,MAAM;AAAA"},"_coverageSchema":"1a1c01bbd47fc00a2c39e90264f33305004495a9","hash":"3c3d4b41c673c7508de818c0d63330523f0cd2c4","contentHash":"94de607f0a7d94c57bd3ebba1523b13e3c54f1232ad84a1b5a1b637305f06635"},"D:\\NGNF\\大四一\\Agile Software Practice\\Continous Assessment\\assignment2\\api\\movies\\moviesData.js":{"path":"D:\\NGNF\\大四一\\Agile Software Practice\\Continous Assessment\\assignment2\\api\\movies\\moviesData.js","statementMap":{"0":{"start":{"line":3,"column":0},"end":{"line":5,"column":3}},"1":{"start":{"line":6,"column":0},"end":{"line":6,"column":70}},"2":{"start":{"line":7,"column":13},"end":{"line":72,"column":1}},"3":{"start":{"line":73,"column":0},"end":{"line":73,"column":24}},"4":{"start":{"line":74,"column":19},"end":{"line":92,"column":1}},"5":{"start":{"line":93,"column":0},"end":{"line":93,"column":36}},"6":{"start":{"line":94,"column":19},"end":{"line":152,"column":1}},"7":{"start":{"line":153,"column":0},"end":{"line":153,"column":36}}},"fnMap":{},"branchMap":{},"s":{"0":1,"1":1,"2":1,"3":1,"4":1,"5":1,"6":1,"7":1},"f":{},"b":{},"inputSourceMap":{"version":3,"names":["movies","movieReviews","movieDetails"],"sourceRoot":"D:\\NGNF\\大四一\\Agile Software Practice\\Continous Assessment\\assignment2\\api\\movies\\","sources":["moviesData.js"],"sourcesContent":["export const movies = {\r\n    \"page\": 1,\r\n    \"results\": [\r\n        {\r\n            \"adult\": false,\r\n            \"backdrop_path\": \"/pcDc2WJAYGJTTvRSEIpRZwM3Ola.jpg\",\r\n            \"genre_ids\": [\r\n                28,\r\n                12,\r\n                14,\r\n                878\r\n            ],\r\n            \"id\": 791373,\r\n            \"original_language\": \"en\",\r\n            \"original_title\": \"Zack Snyder's Justice League\",\r\n            \"overview\": \"Determined to ensure Superman's ultimate sacrifice was not in vain, Bruce Wayne aligns forces with Diana Prince with plans to recruit a team of metahumans to protect the world from an approaching threat of catastrophic proportions.\",\r\n            \"popularity\": 11783.352,\r\n            \"poster_path\": \"/tnAuB8q5vv7Ax9UAEje5Xi4BXik.jpg\",\r\n            \"release_date\": \"2021-03-18\",\r\n            \"title\": \"Zack Snyder's Justice League\",\r\n            \"video\": false,\r\n            \"vote_average\": 8.7,\r\n            \"vote_count\": 3389\r\n        },\r\n        {\r\n            \"adult\": false,\r\n            \"backdrop_path\": \"/hJuDvwzS0SPlsE6MNFOpznQltDZ.jpg\",\r\n            \"genre_ids\": [\r\n                16,\r\n                12,\r\n                14,\r\n                10751,\r\n                28\r\n            ],\r\n            \"id\": 527774,\r\n            \"original_language\": \"en\",\r\n            \"original_title\": \"Raya and the Last Dragon\",\r\n            \"overview\": \"Long ago, in the fantasy world of Kumandra, humans and dragons lived together in harmony. But when an evil force threatened the land, the dragons sacrificed themselves to save humanity. Now, 500 years later, that same evil has returned and it’s up to a lone warrior, Raya, to track down the legendary last dragon to restore the fractured land and its divided people.\",\r\n            \"popularity\": 3067.315,\r\n            \"poster_path\": \"/lPsD10PP4rgUGiGR4CCXA6iY0QQ.jpg\",\r\n            \"release_date\": \"2021-03-03\",\r\n            \"title\": \"Raya and the Last Dragon\",\r\n            \"video\": false,\r\n            \"vote_average\": 8.4,\r\n            \"vote_count\": 1613\r\n        },\r\n        {\r\n            \"adult\": false,\r\n            \"backdrop_path\": \"/drulhSX7P5TQlEMQZ3JoXKSDEfz.jpg\",\r\n            \"genre_ids\": [\r\n                18,\r\n                14,\r\n                878\r\n            ],\r\n            \"id\": 581389,\r\n            \"original_language\": \"ko\",\r\n            \"original_title\": \"승리호\",\r\n            \"overview\": \"When the crew of a space junk collector ship called The Victory discovers a humanoid robot named Dorothy that's known to be a weapon of mass destruction, they get involved in a risky business deal which puts their lives at stake.\",\r\n            \"popularity\": 3507.528,\r\n            \"poster_path\": \"/lykPQ7lgrLJPwLlSyetVXsl2wDf.jpg\",\r\n            \"release_date\": \"2021-02-05\",\r\n            \"title\": \"Space Sweepers\",\r\n            \"video\": false,\r\n            \"vote_average\": 7.2,\r\n            \"vote_count\": 416\r\n        },\r\n        {\r\n            \"adult\": false,\r\n            \"backdrop_path\": \"/gzJnMEMkHowkUndn9gCr8ghQPzN.jpg\",\r\n            \"genre_ids\": [\r\n                53,\r\n                28,\r\n                18\r\n            ],\r\n            \"id\": 793723,\r\n            \"original_language\": \"fr\",\r\n            \"original_title\": \"Sentinelle\",\r\n            \"overview\": \"Transferred home after a traumatizing combat mission, a highly trained French soldier uses her lethal skills to hunt down the man who hurt her sister.\",\r\n            \"popularity\": 2266.597,\r\n            \"poster_path\": \"/fFRq98cW9lTo6di2o4lK1qUAWaN.jpg\",\r\n            \"release_date\": \"2021-03-05\",\r\n            \"title\": \"Sentinelle\",\r\n            \"video\": false,\r\n            \"vote_average\": 6,\r\n            \"vote_count\": 264\r\n        }\r\n    ],\r\n    \"total_pages\": 500,\r\n    \"total_results\": 10000\r\n};\r\n\r\nexport const movieReviews = {\r\n    \"id\": 527774,\r\n    \"page\": 1,\r\n    \"results\": [\r\n        {\r\n            \"author\": \"ted\",\r\n            \"content\": \"In a magical land known as Kumandra....\",\r\n            \"created_at\": \"2021-03-01T17:10:51.977Z\",\r\n            \"id\": \"603d201b33a533004bd1906e\",\r\n            \"updated_at\": \"2021-03-07T15:46:34.342Z\"\r\n        },\r\n        {\r\n            \"author\": \"bob\",\r\n            \"content\": \"If you enjoy reading my Spoiler-Free reviews, please follow my blog \",\r\n            \"created_at\": \"2021-03-01T17:13:07.315Z\",\r\n            \"id\": \"603d20a3e267de005151480c\",\r\n            \"updated_at\": \"2021-03-07T15:47:13.254Z\"\r\n        }\r\n    ],\r\n    \"total_pages\": 1,\r\n    \"total_results\": 2\r\n};\r\n\r\nexport const movieDetails = {\r\n    \"adult\": false,\r\n    \"backdrop_path\": \"/hJuDvwzS0SPlsE6MNFOpznQltDZ.jpg\",\r\n    \"belongs_to_collection\": null,\r\n    \"budget\": 0,\r\n    \"genres\": [\r\n        {\r\n            \"id\": 16,\r\n            \"name\": \"Animation\"\r\n        },\r\n        {\r\n            \"id\": 12,\r\n            \"name\": \"Adventure\"\r\n        },\r\n        {\r\n            \"id\": 14,\r\n            \"name\": \"Fantasy\"\r\n        },\r\n        {\r\n            \"id\": 10751,\r\n            \"name\": \"Family\"\r\n        },\r\n        {\r\n            \"id\": 28,\r\n            \"name\": \"Action\"\r\n        }\r\n    ],\r\n    \"homepage\": \"https://movies.disney.com/raya-and-the-last-dragon\",\r\n    \"id\": 527774,\r\n    \"imdb_id\": \"tt5109280\",\r\n    \"original_language\": \"en\",\r\n    \"original_title\": \"Raya and the Last Dragon\",\r\n    \"overview\": \"Long ago, in the fantasy world of Kumandra, humans and dragons lived together in harmony. But when an evil force threatened the land, the dragons sacrificed themselves to save humanity. Now, 500 years later, that same evil has returned and it’s up to a lone warrior, Raya, to track down the legendary last dragon to restore the fractured land and its divided people.\",\r\n    \"popularity\": 1806.885,\r\n    \"poster_path\": \"/lPsD10PP4rgUGiGR4CCXA6iY0QQ.jpg\",\r\n    \"production_companies\": [\r\n        {\r\n            \"id\": 2,\r\n            \"logo_path\": \"/wdrCwmRnLFJhEoH8GSfymY85KHT.png\",\r\n            \"name\": \"Walt Disney Pictures\",\r\n            \"origin_country\": \"US\"\r\n        },\r\n        {\r\n            \"id\": 6125,\r\n            \"logo_path\": \"/tVPmo07IHhBs4HuilrcV0yujsZ9.png\",\r\n            \"name\": \"Walt Disney Animation Studios\",\r\n            \"origin_country\": \"US\"\r\n        }\r\n    ],\r\n    \"production_countries\": [\r\n        {\r\n            \"iso_3166_1\": \"US\",\r\n            \"name\": \"United States of America\"\r\n        }\r\n    ],\r\n    \"release_date\": \"2021-03-03\",\r\n    \"revenue\": 56482606,\r\n    \"runtime\": 107,\r\n    \"spoken_languages\": [\r\n        {\r\n            \"english_name\": \"English\",\r\n            \"iso_639_1\": \"en\",\r\n            \"name\": \"English\"\r\n        }\r\n    ],\r\n    \"status\": \"Released\",\r\n    \"tagline\": \"A quest to save her world.\",\r\n    \"title\": \"Raya and the Last Dragon\",\r\n    \"video\": false,\r\n    \"vote_average\": 8.3,\r\n    \"vote_count\": 2257\r\n};"],"mappings":";;;;;;AAAO,IAAMA,MAAM,GAAG;EAClB,MAAM,EAAE,CAAC;EACT,SAAS,EAAE,CACP;IACI,OAAO,EAAE,KAAK;IACd,eAAe,EAAE,kCAAkC;IACnD,WAAW,EAAE,CACT,EAAE,EACF,EAAE,EACF,EAAE,EACF,GAAG,CACN;IACD,IAAI,EAAE,MAAM;IACZ,mBAAmB,EAAE,IAAI;IACzB,gBAAgB,EAAE,8BAA8B;IAChD,UAAU,EAAE,yOAAyO;IACrP,YAAY,EAAE,SAAS;IACvB,aAAa,EAAE,kCAAkC;IACjD,cAAc,EAAE,YAAY;IAC5B,OAAO,EAAE,8BAA8B;IACvC,OAAO,EAAE,KAAK;IACd,cAAc,EAAE,GAAG;IACnB,YAAY,EAAE;EAClB,CAAC,EACD;IACI,OAAO,EAAE,KAAK;IACd,eAAe,EAAE,kCAAkC;IACnD,WAAW,EAAE,CACT,EAAE,EACF,EAAE,EACF,EAAE,EACF,KAAK,EACL,EAAE,CACL;IACD,IAAI,EAAE,MAAM;IACZ,mBAAmB,EAAE,IAAI;IACzB,gBAAgB,EAAE,0BAA0B;IAC5C,UAAU,EAAE,gXAAgX;IAC5X,YAAY,EAAE,QAAQ;IACtB,aAAa,EAAE,kCAAkC;IACjD,cAAc,EAAE,YAAY;IAC5B,OAAO,EAAE,0BAA0B;IACnC,OAAO,EAAE,KAAK;IACd,cAAc,EAAE,GAAG;IACnB,YAAY,EAAE;EAClB,CAAC,EACD;IACI,OAAO,EAAE,KAAK;IACd,eAAe,EAAE,kCAAkC;IACnD,WAAW,EAAE,CACT,EAAE,EACF,EAAE,EACF,GAAG,CACN;IACD,IAAI,EAAE,MAAM;IACZ,mBAAmB,EAAE,IAAI;IACzB,gBAAgB,EAAE,KAAK;IACvB,UAAU,EAAE,uOAAuO;IACnP,YAAY,EAAE,QAAQ;IACtB,aAAa,EAAE,kCAAkC;IACjD,cAAc,EAAE,YAAY;IAC5B,OAAO,EAAE,gBAAgB;IACzB,OAAO,EAAE,KAAK;IACd,cAAc,EAAE,GAAG;IACnB,YAAY,EAAE;EAClB,CAAC,EACD;IACI,OAAO,EAAE,KAAK;IACd,eAAe,EAAE,kCAAkC;IACnD,WAAW,EAAE,CACT,EAAE,EACF,EAAE,EACF,EAAE,CACL;IACD,IAAI,EAAE,MAAM;IACZ,mBAAmB,EAAE,IAAI;IACzB,gBAAgB,EAAE,YAAY;IAC9B,UAAU,EAAE,wJAAwJ;IACpK,YAAY,EAAE,QAAQ;IACtB,aAAa,EAAE,kCAAkC;IACjD,cAAc,EAAE,YAAY;IAC5B,OAAO,EAAE,YAAY;IACrB,OAAO,EAAE,KAAK;IACd,cAAc,EAAE,CAAC;IACjB,YAAY,EAAE;EAClB,CAAC,CACJ;EACD,aAAa,EAAE,GAAG;EAClB,eAAe,EAAE;AACrB,CAAC;AAAC;AAEK,IAAMC,YAAY,GAAG;EACxB,IAAI,EAAE,MAAM;EACZ,MAAM,EAAE,CAAC;EACT,SAAS,EAAE,CACP;IACI,QAAQ,EAAE,KAAK;IACf,SAAS,EAAE,yCAAyC;IACpD,YAAY,EAAE,0BAA0B;IACxC,IAAI,EAAE,0BAA0B;IAChC,YAAY,EAAE;EAClB,CAAC,EACD;IACI,QAAQ,EAAE,KAAK;IACf,SAAS,EAAE,sEAAsE;IACjF,YAAY,EAAE,0BAA0B;IACxC,IAAI,EAAE,0BAA0B;IAChC,YAAY,EAAE;EAClB,CAAC,CACJ;EACD,aAAa,EAAE,CAAC;EAChB,eAAe,EAAE;AACrB,CAAC;AAAC;AAEK,IAAMC,YAAY,GAAG;EACxB,OAAO,EAAE,KAAK;EACd,eAAe,EAAE,kCAAkC;EACnD,uBAAuB,EAAE,IAAI;EAC7B,QAAQ,EAAE,CAAC;EACX,QAAQ,EAAE,CACN;IACI,IAAI,EAAE,EAAE;IACR,MAAM,EAAE;EACZ,CAAC,EACD;IACI,IAAI,EAAE,EAAE;IACR,MAAM,EAAE;EACZ,CAAC,EACD;IACI,IAAI,EAAE,EAAE;IACR,MAAM,EAAE;EACZ,CAAC,EACD;IACI,IAAI,EAAE,KAAK;IACX,MAAM,EAAE;EACZ,CAAC,EACD;IACI,IAAI,EAAE,EAAE;IACR,MAAM,EAAE;EACZ,CAAC,CACJ;EACD,UAAU,EAAE,oDAAoD;EAChE,IAAI,EAAE,MAAM;EACZ,SAAS,EAAE,WAAW;EACtB,mBAAmB,EAAE,IAAI;EACzB,gBAAgB,EAAE,0BAA0B;EAC5C,UAAU,EAAE,gXAAgX;EAC5X,YAAY,EAAE,QAAQ;EACtB,aAAa,EAAE,kCAAkC;EACjD,sBAAsB,EAAE,CACpB;IACI,IAAI,EAAE,CAAC;IACP,WAAW,EAAE,kCAAkC;IAC/C,MAAM,EAAE,sBAAsB;IAC9B,gBAAgB,EAAE;EACtB,CAAC,EACD;IACI,IAAI,EAAE,IAAI;IACV,WAAW,EAAE,kCAAkC;IAC/C,MAAM,EAAE,+BAA+B;IACvC,gBAAgB,EAAE;EACtB,CAAC,CACJ;EACD,sBAAsB,EAAE,CACpB;IACI,YAAY,EAAE,IAAI;IAClB,MAAM,EAAE;EACZ,CAAC,CACJ;EACD,cAAc,EAAE,YAAY;EAC5B,SAAS,EAAE,QAAQ;EACnB,SAAS,EAAE,GAAG;EACd,kBAAkB,EAAE,CAChB;IACI,cAAc,EAAE,SAAS;IACzB,WAAW,EAAE,IAAI;IACjB,MAAM,EAAE;EACZ,CAAC,CACJ;EACD,QAAQ,EAAE,UAAU;EACpB,SAAS,EAAE,4BAA4B;EACvC,OAAO,EAAE,0BAA0B;EACnC,OAAO,EAAE,KAAK;EACd,cAAc,EAAE,GAAG;EACnB,YAAY,EAAE;AAClB,CAAC;AAAC"},"_coverageSchema":"1a1c01bbd47fc00a2c39e90264f33305004495a9","hash":"1f0c12c68b54395ec6592fed3d0736972c23c592","contentHash":"0f25be3810417ec5b8b8891c17c04f089f68eec3934f6fcf4c7aab8b19117932"},"D:\\NGNF\\大四一\\Agile Software Practice\\Continous Assessment\\assignment2\\api\\movies\\movieModel.js":{"path":"D:\\NGNF\\大四一\\Agile Software Practice\\Continous Assessment\\assignment2\\api\\movies\\movieModel.js","statementMap":{"0":{"start":{"line":3,"column":29},"end":{"line":3,"column":84}},"1":{"start":{"line":4,"column":0},"end":{"line":6,"column":3}},"2":{"start":{"line":7,"column":0},"end":{"line":7,"column":28}},"3":{"start":{"line":8,"column":16},"end":{"line":8,"column":59}},"4":{"start":{"line":9,"column":13},"end":{"line":9,"column":40}},"5":{"start":{"line":10,"column":18},"end":{"line":80,"column":2}},"6":{"start":{"line":81,"column":0},"end":{"line":85,"column":2}},"7":{"start":{"line":82,"column":2},"end":{"line":84,"column":5}},"8":{"start":{"line":86,"column":15},"end":{"line":86,"column":64}},"9":{"start":{"line":87,"column":0},"end":{"line":87,"column":30}}},"fnMap":{"0":{"name":"(anonymous_0)","decl":{"start":{"line":81,"column":38},"end":{"line":81,"column":39}},"loc":{"start":{"line":81,"column":52},"end":{"line":85,"column":1}},"line":81}},"branchMap":{},"s":{"0":1,"1":1,"2":1,"3":1,"4":1,"5":1,"6":1,"7":2,"8":1,"9":1},"f":{"0":2},"b":{},"inputSourceMap":{"version":3,"names":["Schema","mongoose","MovieSchema","adult","type","Boolean","id","Number","required","unique","poster_path","String","overview","release_date","original_title","genre_ids","original_language","title","backdrop_path","popularity","vote_count","video","vote_average","production_countries","iso_3166_1","name","runtime","spoken_languages","iso_639_1","status","tagline","statics","findByMovieDBId","findOne","model"],"sourceRoot":"D:\\NGNF\\大四一\\Agile Software Practice\\Continous Assessment\\assignment2\\api\\movies\\","sources":["movieModel.js"],"sourcesContent":["import mongoose from 'mongoose';\r\n\r\nconst Schema = mongoose.Schema;\r\n\r\n\r\nconst MovieSchema = new Schema({\r\n  adult: { type: Boolean },\r\n  id: { type: Number, required: true, unique: true },\r\n  poster_path: { type: String },\r\n  overview: { type: String },\r\n  release_date: { type: String },\r\n  original_title: { type: String },\r\n  genre_ids: [{ type: Number }],\r\n  original_language: { type: String },\r\n  title: { type: String },\r\n  backdrop_path: { type: String },\r\n  popularity: { type: Number },\r\n  vote_count: { type: Number },\r\n  video: { type: Boolean },\r\n  vote_average: { type: Number },\r\n  production_countries: [{\r\n    iso_3166_1: { type: String },\r\n    name: { type: String }\r\n  }],\r\n  runtime: { type: Number },\r\n  spoken_languages: [{\r\n    iso_639_1: { type: String },\r\n    name: { type: String }\r\n  }],\r\n  status: { type: String },\r\n  tagline: { type: String }\r\n});\r\n\r\nMovieSchema.statics.findByMovieDBId = function (id) {\r\n  return this.findOne({ id: id });\r\n};\r\n\r\nexport default mongoose.model('Movies', MovieSchema);\r\n\r\n\r\n"],"mappings":";;;;;;;AAAA;AAEA,IAAMA,MAAM,GAAGC,oBAAQ,CAACD,MAAM;AAG9B,IAAME,WAAW,GAAG,IAAIF,MAAM,CAAC;EAC7BG,KAAK,EAAE;IAAEC,IAAI,EAAEC;EAAQ,CAAC;EACxBC,EAAE,EAAE;IAAEF,IAAI,EAAEG,MAAM;IAAEC,QAAQ,EAAE,IAAI;IAAEC,MAAM,EAAE;EAAK,CAAC;EAClDC,WAAW,EAAE;IAAEN,IAAI,EAAEO;EAAO,CAAC;EAC7BC,QAAQ,EAAE;IAAER,IAAI,EAAEO;EAAO,CAAC;EAC1BE,YAAY,EAAE;IAAET,IAAI,EAAEO;EAAO,CAAC;EAC9BG,cAAc,EAAE;IAAEV,IAAI,EAAEO;EAAO,CAAC;EAChCI,SAAS,EAAE,CAAC;IAAEX,IAAI,EAAEG;EAAO,CAAC,CAAC;EAC7BS,iBAAiB,EAAE;IAAEZ,IAAI,EAAEO;EAAO,CAAC;EACnCM,KAAK,EAAE;IAAEb,IAAI,EAAEO;EAAO,CAAC;EACvBO,aAAa,EAAE;IAAEd,IAAI,EAAEO;EAAO,CAAC;EAC/BQ,UAAU,EAAE;IAAEf,IAAI,EAAEG;EAAO,CAAC;EAC5Ba,UAAU,EAAE;IAAEhB,IAAI,EAAEG;EAAO,CAAC;EAC5Bc,KAAK,EAAE;IAAEjB,IAAI,EAAEC;EAAQ,CAAC;EACxBiB,YAAY,EAAE;IAAElB,IAAI,EAAEG;EAAO,CAAC;EAC9BgB,oBAAoB,EAAE,CAAC;IACrBC,UAAU,EAAE;MAAEpB,IAAI,EAAEO;IAAO,CAAC;IAC5Bc,IAAI,EAAE;MAAErB,IAAI,EAAEO;IAAO;EACvB,CAAC,CAAC;EACFe,OAAO,EAAE;IAAEtB,IAAI,EAAEG;EAAO,CAAC;EACzBoB,gBAAgB,EAAE,CAAC;IACjBC,SAAS,EAAE;MAAExB,IAAI,EAAEO;IAAO,CAAC;IAC3Bc,IAAI,EAAE;MAAErB,IAAI,EAAEO;IAAO;EACvB,CAAC,CAAC;EACFkB,MAAM,EAAE;IAAEzB,IAAI,EAAEO;EAAO,CAAC;EACxBmB,OAAO,EAAE;IAAE1B,IAAI,EAAEO;EAAO;AAC1B,CAAC,CAAC;AAEFT,WAAW,CAAC6B,OAAO,CAACC,eAAe,GAAG,UAAU1B,EAAE,EAAE;EAClD,OAAO,IAAI,CAAC2B,OAAO,CAAC;IAAE3B,EAAE,EAAEA;EAAG,CAAC,CAAC;AACjC,CAAC;AAAC,eAEaL,oBAAQ,CAACiC,KAAK,CAAC,QAAQ,EAAEhC,WAAW,CAAC;AAAA"},"_coverageSchema":"1a1c01bbd47fc00a2c39e90264f33305004495a9","hash":"3243ce68e96160e3de8c09950196759960fdcfc4","contentHash":"fd7aec1c2e33949fa23617a687d53065b42b5d002cb5ea4c6bb6537cb3c847b5"},"D:\\NGNF\\大四一\\Agile Software Practice\\Continous Assessment\\assignment2\\api\\tmdb-api.js":{"path":"D:\\NGNF\\大四一\\Agile Software Practice\\Continous Assessment\\assignment2\\api\\tmdb-api.js","statementMap":{"0":{"start":{"line":3,"column":29},"end":{"line":3,"column":84}},"1":{"start":{"line":4,"column":0},"end":{"line":6,"column":3}},"2":{"start":{"line":7,"column":0},"end":{"line":7,"column":300}},"3":{"start":{"line":8,"column":17},"end":{"line":8,"column":62}},"4":{"start":{"line":9,"column":24},"end":{"line":18,"column":1}},"5":{"start":{"line":10,"column":2},"end":{"line":17,"column":5}},"6":{"start":{"line":11,"column":4},"end":{"line":13,"column":5}},"7":{"start":{"line":12,"column":6},"end":{"line":12,"column":47}},"8":{"start":{"line":14,"column":4},"end":{"line":14,"column":27}},"9":{"start":{"line":16,"column":4},"end":{"line":16,"column":16}},"10":{"start":{"line":19,"column":0},"end":{"line":19,"column":46}},"11":{"start":{"line":20,"column":16},"end":{"line":29,"column":1}},"12":{"start":{"line":21,"column":2},"end":{"line":28,"column":5}},"13":{"start":{"line":22,"column":4},"end":{"line":24,"column":5}},"14":{"start":{"line":23,"column":6},"end":{"line":23,"column":47}},"15":{"start":{"line":25,"column":4},"end":{"line":25,"column":27}},"16":{"start":{"line":27,"column":4},"end":{"line":27,"column":16}},"17":{"start":{"line":30,"column":0},"end":{"line":30,"column":30}},"18":{"start":{"line":31,"column":15},"end":{"line":40,"column":1}},"19":{"start":{"line":32,"column":2},"end":{"line":39,"column":5}},"20":{"start":{"line":33,"column":4},"end":{"line":35,"column":5}},"21":{"start":{"line":34,"column":6},"end":{"line":34,"column":47}},"22":{"start":{"line":36,"column":4},"end":{"line":36,"column":27}},"23":{"start":{"line":38,"column":4},"end":{"line":38,"column":16}},"24":{"start":{"line":41,"column":0},"end":{"line":41,"column":28}},"25":{"start":{"line":42,"column":21},"end":{"line":51,"column":1}},"26":{"start":{"line":43,"column":2},"end":{"line":50,"column":5}},"27":{"start":{"line":44,"column":4},"end":{"line":46,"column":5}},"28":{"start":{"line":45,"column":6},"end":{"line":45,"column":47}},"29":{"start":{"line":47,"column":4},"end":{"line":47,"column":27}},"30":{"start":{"line":49,"column":4},"end":{"line":49,"column":16}},"31":{"start":{"line":52,"column":0},"end":{"line":52,"column":40}},"32":{"start":{"line":53,"column":22},"end":{"line":62,"column":1}},"33":{"start":{"line":54,"column":2},"end":{"line":61,"column":5}},"34":{"start":{"line":55,"column":4},"end":{"line":57,"column":5}},"35":{"start":{"line":56,"column":6},"end":{"line":56,"column":47}},"36":{"start":{"line":58,"column":4},"end":{"line":58,"column":27}},"37":{"start":{"line":60,"column":4},"end":{"line":60,"column":16}},"38":{"start":{"line":63,"column":0},"end":{"line":63,"column":42}},"39":{"start":{"line":64,"column":16},"end":{"line":73,"column":1}},"40":{"start":{"line":65,"column":2},"end":{"line":72,"column":5}},"41":{"start":{"line":66,"column":4},"end":{"line":68,"column":5}},"42":{"start":{"line":67,"column":6},"end":{"line":67,"column":47}},"43":{"start":{"line":69,"column":4},"end":{"line":69,"column":27}},"44":{"start":{"line":71,"column":4},"end":{"line":71,"column":16}},"45":{"start":{"line":74,"column":0},"end":{"line":74,"column":30}},"46":{"start":{"line":75,"column":16},"end":{"line":84,"column":1}},"47":{"start":{"line":76,"column":2},"end":{"line":83,"column":5}},"48":{"start":{"line":77,"column":4},"end":{"line":79,"column":5}},"49":{"start":{"line":78,"column":6},"end":{"line":78,"column":47}},"50":{"start":{"line":80,"column":4},"end":{"line":80,"column":27}},"51":{"start":{"line":82,"column":4},"end":{"line":82,"column":16}},"52":{"start":{"line":85,"column":0},"end":{"line":85,"column":30}},"53":{"start":{"line":86,"column":22},"end":{"line":95,"column":1}},"54":{"start":{"line":87,"column":2},"end":{"line":94,"column":5}},"55":{"start":{"line":88,"column":4},"end":{"line":90,"column":5}},"56":{"start":{"line":89,"column":6},"end":{"line":89,"column":47}},"57":{"start":{"line":91,"column":4},"end":{"line":91,"column":27}},"58":{"start":{"line":93,"column":4},"end":{"line":93,"column":16}},"59":{"start":{"line":96,"column":0},"end":{"line":96,"column":42}},"60":{"start":{"line":97,"column":28},"end":{"line":106,"column":1}},"61":{"start":{"line":98,"column":2},"end":{"line":105,"column":5}},"62":{"start":{"line":99,"column":4},"end":{"line":101,"column":5}},"63":{"start":{"line":100,"column":6},"end":{"line":100,"column":47}},"64":{"start":{"line":102,"column":4},"end":{"line":102,"column":27}},"65":{"start":{"line":104,"column":4},"end":{"line":104,"column":16}},"66":{"start":{"line":107,"column":0},"end":{"line":107,"column":54}},"67":{"start":{"line":108,"column":27},"end":{"line":117,"column":1}},"68":{"start":{"line":109,"column":2},"end":{"line":116,"column":5}},"69":{"start":{"line":110,"column":4},"end":{"line":112,"column":5}},"70":{"start":{"line":111,"column":6},"end":{"line":111,"column":47}},"71":{"start":{"line":113,"column":4},"end":{"line":113,"column":27}},"72":{"start":{"line":115,"column":4},"end":{"line":115,"column":16}},"73":{"start":{"line":118,"column":0},"end":{"line":118,"column":52}},"74":{"start":{"line":119,"column":22},"end":{"line":128,"column":1}},"75":{"start":{"line":120,"column":2},"end":{"line":127,"column":5}},"76":{"start":{"line":121,"column":4},"end":{"line":123,"column":5}},"77":{"start":{"line":122,"column":6},"end":{"line":122,"column":47}},"78":{"start":{"line":124,"column":4},"end":{"line":124,"column":27}},"79":{"start":{"line":126,"column":4},"end":{"line":126,"column":16}},"80":{"start":{"line":129,"column":0},"end":{"line":129,"column":42}},"81":{"start":{"line":130,"column":16},"end":{"line":139,"column":1}},"82":{"start":{"line":131,"column":2},"end":{"line":138,"column":5}},"83":{"start":{"line":132,"column":4},"end":{"line":134,"column":5}},"84":{"start":{"line":133,"column":6},"end":{"line":133,"column":47}},"85":{"start":{"line":135,"column":4},"end":{"line":135,"column":27}},"86":{"start":{"line":137,"column":4},"end":{"line":137,"column":16}},"87":{"start":{"line":140,"column":0},"end":{"line":140,"column":30}}},"fnMap":{"0":{"name":"getUpcomingMovies","decl":{"start":{"line":9,"column":33},"end":{"line":9,"column":50}},"loc":{"start":{"line":9,"column":57},"end":{"line":18,"column":1}},"line":9},"1":{"name":"(anonymous_1)","decl":{"start":{"line":10,"column":168},"end":{"line":10,"column":169}},"loc":{"start":{"line":10,"column":188},"end":{"line":15,"column":3}},"line":10},"2":{"name":"(anonymous_2)","decl":{"start":{"line":15,"column":14},"end":{"line":15,"column":15}},"loc":{"start":{"line":15,"column":31},"end":{"line":17,"column":3}},"line":15},"3":{"name":"getMovies","decl":{"start":{"line":20,"column":25},"end":{"line":20,"column":34}},"loc":{"start":{"line":20,"column":41},"end":{"line":29,"column":1}},"line":20},"4":{"name":"(anonymous_4)","decl":{"start":{"line":21,"column":214},"end":{"line":21,"column":215}},"loc":{"start":{"line":21,"column":234},"end":{"line":26,"column":3}},"line":21},"5":{"name":"(anonymous_5)","decl":{"start":{"line":26,"column":14},"end":{"line":26,"column":15}},"loc":{"start":{"line":26,"column":31},"end":{"line":28,"column":3}},"line":26},"6":{"name":"getMovie","decl":{"start":{"line":31,"column":24},"end":{"line":31,"column":32}},"loc":{"start":{"line":31,"column":37},"end":{"line":40,"column":1}},"line":31},"7":{"name":"(anonymous_7)","decl":{"start":{"line":32,"column":143},"end":{"line":32,"column":144}},"loc":{"start":{"line":32,"column":163},"end":{"line":37,"column":3}},"line":32},"8":{"name":"(anonymous_8)","decl":{"start":{"line":37,"column":14},"end":{"line":37,"column":15}},"loc":{"start":{"line":37,"column":31},"end":{"line":39,"column":3}},"line":37},"9":{"name":"getMovieImages","decl":{"start":{"line":42,"column":30},"end":{"line":42,"column":44}},"loc":{"start":{"line":42,"column":49},"end":{"line":51,"column":1}},"line":42},"10":{"name":"(anonymous_10)","decl":{"start":{"line":43,"column":150},"end":{"line":43,"column":151}},"loc":{"start":{"line":43,"column":170},"end":{"line":48,"column":3}},"line":43},"11":{"name":"(anonymous_11)","decl":{"start":{"line":48,"column":14},"end":{"line":48,"column":15}},"loc":{"start":{"line":48,"column":31},"end":{"line":50,"column":3}},"line":48},"12":{"name":"getMovieReviews","decl":{"start":{"line":53,"column":31},"end":{"line":53,"column":46}},"loc":{"start":{"line":53,"column":51},"end":{"line":62,"column":1}},"line":53},"13":{"name":"(anonymous_13)","decl":{"start":{"line":54,"column":151},"end":{"line":54,"column":152}},"loc":{"start":{"line":54,"column":171},"end":{"line":59,"column":3}},"line":54},"14":{"name":"(anonymous_14)","decl":{"start":{"line":59,"column":14},"end":{"line":59,"column":15}},"loc":{"start":{"line":59,"column":31},"end":{"line":61,"column":3}},"line":59},"15":{"name":"getPeople","decl":{"start":{"line":64,"column":25},"end":{"line":64,"column":34}},"loc":{"start":{"line":64,"column":41},"end":{"line":73,"column":1}},"line":64},"16":{"name":"(anonymous_16)","decl":{"start":{"line":65,"column":174},"end":{"line":65,"column":175}},"loc":{"start":{"line":65,"column":194},"end":{"line":70,"column":3}},"line":65},"17":{"name":"(anonymous_17)","decl":{"start":{"line":70,"column":14},"end":{"line":70,"column":15}},"loc":{"start":{"line":70,"column":31},"end":{"line":72,"column":3}},"line":70},"18":{"name":"getPerson","decl":{"start":{"line":75,"column":25},"end":{"line":75,"column":34}},"loc":{"start":{"line":75,"column":39},"end":{"line":84,"column":1}},"line":75},"19":{"name":"(anonymous_19)","decl":{"start":{"line":76,"column":144},"end":{"line":76,"column":145}},"loc":{"start":{"line":76,"column":164},"end":{"line":81,"column":3}},"line":76},"20":{"name":"(anonymous_20)","decl":{"start":{"line":81,"column":14},"end":{"line":81,"column":15}},"loc":{"start":{"line":81,"column":31},"end":{"line":83,"column":3}},"line":81},"21":{"name":"getPersonImages","decl":{"start":{"line":86,"column":31},"end":{"line":86,"column":46}},"loc":{"start":{"line":86,"column":51},"end":{"line":95,"column":1}},"line":86},"22":{"name":"(anonymous_22)","decl":{"start":{"line":87,"column":151},"end":{"line":87,"column":152}},"loc":{"start":{"line":87,"column":171},"end":{"line":92,"column":3}},"line":87},"23":{"name":"(anonymous_23)","decl":{"start":{"line":92,"column":14},"end":{"line":92,"column":15}},"loc":{"start":{"line":92,"column":31},"end":{"line":94,"column":3}},"line":92},"24":{"name":"getPersonMovieCredits","decl":{"start":{"line":97,"column":37},"end":{"line":97,"column":58}},"loc":{"start":{"line":97,"column":63},"end":{"line":106,"column":1}},"line":97},"25":{"name":"(anonymous_25)","decl":{"start":{"line":98,"column":158},"end":{"line":98,"column":159}},"loc":{"start":{"line":98,"column":178},"end":{"line":103,"column":3}},"line":98},"26":{"name":"(anonymous_26)","decl":{"start":{"line":103,"column":14},"end":{"line":103,"column":15}},"loc":{"start":{"line":103,"column":31},"end":{"line":105,"column":3}},"line":103},"27":{"name":"getPersonExternalIds","decl":{"start":{"line":108,"column":36},"end":{"line":108,"column":56}},"loc":{"start":{"line":108,"column":61},"end":{"line":117,"column":1}},"line":108},"28":{"name":"(anonymous_28)","decl":{"start":{"line":109,"column":157},"end":{"line":109,"column":158}},"loc":{"start":{"line":109,"column":177},"end":{"line":114,"column":3}},"line":109},"29":{"name":"(anonymous_29)","decl":{"start":{"line":114,"column":14},"end":{"line":114,"column":15}},"loc":{"start":{"line":114,"column":31},"end":{"line":116,"column":3}},"line":114},"30":{"name":"getTrendingList","decl":{"start":{"line":119,"column":31},"end":{"line":119,"column":46}},"loc":{"start":{"line":119,"column":66},"end":{"line":128,"column":1}},"line":119},"31":{"name":"(anonymous_31)","decl":{"start":{"line":120,"column":199},"end":{"line":120,"column":200}},"loc":{"start":{"line":120,"column":219},"end":{"line":125,"column":3}},"line":120},"32":{"name":"(anonymous_32)","decl":{"start":{"line":125,"column":14},"end":{"line":125,"column":15}},"loc":{"start":{"line":125,"column":31},"end":{"line":127,"column":3}},"line":125},"33":{"name":"getGenres","decl":{"start":{"line":130,"column":25},"end":{"line":130,"column":34}},"loc":{"start":{"line":130,"column":37},"end":{"line":139,"column":1}},"line":130},"34":{"name":"(anonymous_34)","decl":{"start":{"line":131,"column":157},"end":{"line":131,"column":158}},"loc":{"start":{"line":131,"column":177},"end":{"line":136,"column":3}},"line":131},"35":{"name":"(anonymous_35)","decl":{"start":{"line":136,"column":14},"end":{"line":136,"column":15}},"loc":{"start":{"line":136,"column":31},"end":{"line":138,"column":3}},"line":136}},"branchMap":{"0":{"loc":{"start":{"line":11,"column":4},"end":{"line":13,"column":5}},"type":"if","locations":[{"start":{"line":11,"column":4},"end":{"line":13,"column":5}},{"start":{"line":11,"column":4},"end":{"line":13,"column":5}}],"line":11},"1":{"loc":{"start":{"line":22,"column":4},"end":{"line":24,"column":5}},"type":"if","locations":[{"start":{"line":22,"column":4},"end":{"line":24,"column":5}},{"start":{"line":22,"column":4},"end":{"line":24,"column":5}}],"line":22},"2":{"loc":{"start":{"line":33,"column":4},"end":{"line":35,"column":5}},"type":"if","locations":[{"start":{"line":33,"column":4},"end":{"line":35,"column":5}},{"start":{"line":33,"column":4},"end":{"line":35,"column":5}}],"line":33},"3":{"loc":{"start":{"line":44,"column":4},"end":{"line":46,"column":5}},"type":"if","locations":[{"start":{"line":44,"column":4},"end":{"line":46,"column":5}},{"start":{"line":44,"column":4},"end":{"line":46,"column":5}}],"line":44},"4":{"loc":{"start":{"line":55,"column":4},"end":{"line":57,"column":5}},"type":"if","locations":[{"start":{"line":55,"column":4},"end":{"line":57,"column":5}},{"start":{"line":55,"column":4},"end":{"line":57,"column":5}}],"line":55},"5":{"loc":{"start":{"line":66,"column":4},"end":{"line":68,"column":5}},"type":"if","locations":[{"start":{"line":66,"column":4},"end":{"line":68,"column":5}},{"start":{"line":66,"column":4},"end":{"line":68,"column":5}}],"line":66},"6":{"loc":{"start":{"line":77,"column":4},"end":{"line":79,"column":5}},"type":"if","locations":[{"start":{"line":77,"column":4},"end":{"line":79,"column":5}},{"start":{"line":77,"column":4},"end":{"line":79,"column":5}}],"line":77},"7":{"loc":{"start":{"line":88,"column":4},"end":{"line":90,"column":5}},"type":"if","locations":[{"start":{"line":88,"column":4},"end":{"line":90,"column":5}},{"start":{"line":88,"column":4},"end":{"line":90,"column":5}}],"line":88},"8":{"loc":{"start":{"line":99,"column":4},"end":{"line":101,"column":5}},"type":"if","locations":[{"start":{"line":99,"column":4},"end":{"line":101,"column":5}},{"start":{"line":99,"column":4},"end":{"line":101,"column":5}}],"line":99},"9":{"loc":{"start":{"line":110,"column":4},"end":{"line":112,"column":5}},"type":"if","locations":[{"start":{"line":110,"column":4},"end":{"line":112,"column":5}},{"start":{"line":110,"column":4},"end":{"line":112,"column":5}}],"line":110},"10":{"loc":{"start":{"line":121,"column":4},"end":{"line":123,"column":5}},"type":"if","locations":[{"start":{"line":121,"column":4},"end":{"line":123,"column":5}},{"start":{"line":121,"column":4},"end":{"line":123,"column":5}}],"line":121},"11":{"loc":{"start":{"line":132,"column":4},"end":{"line":134,"column":5}},"type":"if","locations":[{"start":{"line":132,"column":4},"end":{"line":134,"column":5}},{"start":{"line":132,"column":4},"end":{"line":134,"column":5}}],"line":132}},"s":{"0":1,"1":1,"2":1,"3":1,"4":1,"5":1,"6":1,"7":0,"8":1,"9":0,"10":1,"11":1,"12":1,"13":1,"14":0,"15":1,"16":0,"17":1,"18":1,"19":2,"20":2,"21":0,"22":2,"23":0,"24":1,"25":1,"26":1,"27":1,"28":0,"29":1,"30":0,"31":1,"32":1,"33":1,"34":1,"35":0,"36":1,"37":0,"38":1,"39":1,"40":1,"41":1,"42":0,"43":1,"44":0,"45":1,"46":1,"47":1,"48":1,"49":0,"50":1,"51":0,"52":1,"53":1,"54":1,"55":1,"56":0,"57":1,"58":0,"59":1,"60":1,"61":1,"62":1,"63":0,"64":1,"65":0,"66":1,"67":1,"68":1,"69":1,"70":0,"71":1,"72":0,"73":1,"74":1,"75":5,"76":5,"77":0,"78":5,"79":0,"80":1,"81":1,"82":1,"83":1,"84":0,"85":1,"86":0,"87":1},"f":{"0":1,"1":1,"2":0,"3":1,"4":1,"5":0,"6":2,"7":2,"8":0,"9":1,"10":1,"11":0,"12":1,"13":1,"14":0,"15":1,"16":1,"17":0,"18":1,"19":1,"20":0,"21":1,"22":1,"23":0,"24":1,"25":1,"26":0,"27":1,"28":1,"29":0,"30":5,"31":5,"32":0,"33":1,"34":1,"35":0},"b":{"0":[0,1],"1":[0,1],"2":[0,2],"3":[0,1],"4":[0,1],"5":[0,1],"6":[0,1],"7":[0,1],"8":[0,1],"9":[0,1],"10":[0,5],"11":[0,1]},"inputSourceMap":{"version":3,"names":["getUpcomingMovies","page","fetch","process","env","REACT_APP_TMDB_KEY","then","response","ok","Error","json","message","error","getMovies","getMovie","id","getMovieImages","getMovieReviews","getPeople","getPerson","getPersonImages","getPersonMovieCredits","getPersonExternalIds","getTrendingList","type","time_window","getGenres"],"sourceRoot":"D:\\NGNF\\大四一\\Agile Software Practice\\Continous Assessment\\assignment2\\api\\","sources":["tmdb-api.js"],"sourcesContent":["import fetch from 'node-fetch';\r\n\r\nexport const getUpcomingMovies = (page) => {\r\n    return fetch(\r\n        `https://api.themoviedb.org/3/movie/upcoming?api_key=${process.env.REACT_APP_TMDB_KEY}&language=en-US${page}`\r\n    ).then((response) => {\r\n        if (!response.ok) {\r\n            throw new Error(response.json().message);\r\n        }\r\n        return response.json();\r\n    })\r\n        .catch((error) => {\r\n            throw error\r\n        });\r\n};\r\n\r\nexport const getMovies = (page) => {\r\n    return fetch(\r\n        `https://api.themoviedb.org/3/discover/movie?api_key=${process.env.REACT_APP_TMDB_KEY}&language=en-US&include_adult=false&include_video=false&page=${page}`\r\n    ).then((response) => {\r\n        if (!response.ok) {\r\n            throw new Error(response.json().message);\r\n        }\r\n        return response.json();\r\n    })\r\n        .catch((error) => {\r\n            throw error\r\n        });\r\n};\r\n\r\nexport const getMovie = (id) => {\r\n    return fetch(\r\n        `https://api.themoviedb.org/3/movie/${id}?api_key=${process.env.REACT_APP_TMDB_KEY}`\r\n    ).then((response) => {\r\n        if (!response.ok) {\r\n            throw new Error(response.json().message);\r\n        }\r\n        return response.json();\r\n    })\r\n        .catch((error) => {\r\n            throw error\r\n        });\r\n};\r\n\r\nexport const getMovieImages = (id) => {\r\n    return fetch(\r\n        `https://api.themoviedb.org/3/movie/${id}/images?api_key=${process.env.REACT_APP_TMDB_KEY}`\r\n    ).then((response) => {\r\n        if (!response.ok) {\r\n            throw new Error(response.json().message);\r\n        }\r\n        return response.json();\r\n    })\r\n        .catch((error) => {\r\n            throw error\r\n        });\r\n};\r\n\r\nexport const getMovieReviews = (id) => {\r\n    return fetch(\r\n        `https://api.themoviedb.org/3/movie/${id}/reviews?api_key=${process.env.REACT_APP_TMDB_KEY}`\r\n    ).then((response) => {\r\n        if (!response.ok) {\r\n            throw new Error(response.json().message);\r\n        }\r\n        return response.json();\r\n    })\r\n        .catch((error) => {\r\n            throw error\r\n        });\r\n};\r\n\r\nexport const getPeople = (page) => {\r\n    return fetch(\r\n        `https://api.themoviedb.org/3/person/popular?api_key=${process.env.REACT_APP_TMDB_KEY}&language=en-US&page=${page}`\r\n    ).then((response) => {\r\n        if (!response.ok) {\r\n            throw new Error(response.json().message);\r\n        }\r\n        return response.json();\r\n    })\r\n        .catch((error) => {\r\n            throw error\r\n        });\r\n};\r\n\r\nexport const getPerson = (id) => {\r\n    return fetch(\r\n        `https://api.themoviedb.org/3/person/${id}?api_key=${process.env.REACT_APP_TMDB_KEY}`\r\n    ).then((response) => {\r\n\r\n        if (!response.ok) {\r\n            throw new Error(response.json().message);\r\n        }\r\n        return response.json();\r\n    })\r\n        .catch((error) => {\r\n            throw error\r\n        });\r\n};\r\n\r\nexport const getPersonImages = (id) => {\r\n    return fetch(\r\n        `https://api.themoviedb.org/3/person/${id}/images?api_key=${process.env.REACT_APP_TMDB_KEY}`\r\n    ).then((response) => {\r\n        if (!response.ok) {\r\n            throw new Error(response.json().message);\r\n        }\r\n        return response.json();\r\n    })\r\n        .catch((error) => {\r\n            throw error\r\n        });\r\n};\r\n\r\nexport const getPersonMovieCredits = (id) => {\r\n    return fetch(\r\n        `https://api.themoviedb.org/3/person/${id}/movie_credits?api_key=${process.env.REACT_APP_TMDB_KEY}`\r\n    ).then((response) => {\r\n        if (!response.ok) {\r\n            throw new Error(response.json().message);\r\n        }\r\n        return response.json();\r\n    })\r\n        .catch((error) => {\r\n            throw error\r\n        });\r\n};\r\n\r\nexport const getPersonExternalIds = (id) => {\r\n    return fetch(\r\n        `https://api.themoviedb.org/3/person/${id}/external_ids?api_key=${process.env.REACT_APP_TMDB_KEY}`\r\n    ).then((response) => {\r\n        if (!response.ok) {\r\n            throw new Error(response.json().message);\r\n        }\r\n        return response.json();\r\n    })\r\n        .catch((error) => {\r\n            throw error\r\n        });\r\n};\r\n\r\nexport const getTrendingList = (type, time_window) => {\r\n    return fetch(\r\n        `https://api.themoviedb.org/3/trending/${type}/${time_window}?api_key=${process.env.REACT_APP_TMDB_KEY}&language=en-US&page=1`\r\n    ).then((response) => {\r\n        if (!response.ok) {\r\n            throw new Error(response.json().message);\r\n        }\r\n        return response.json();\r\n    })\r\n        .catch((error) => {\r\n            throw error\r\n        });\r\n};\r\n\r\nexport const getGenres = () => {\r\n    return fetch(\r\n        `https://api.themoviedb.org/3/genre/movie/list?api_key=${process.env.REACT_APP_TMDB_KEY}&language=en-US`\r\n    ).then((response) => {\r\n        if (!response.ok) {\r\n            throw new Error(response.json().message);\r\n        }\r\n        return response.json();\r\n    })\r\n        .catch((error) => {\r\n            throw error\r\n        });\r\n};"],"mappings":";;;;;;;AAAA;AAEO,IAAMA,iBAAiB,GAAG,SAApBA,iBAAiB,CAAIC,IAAI,EAAK;EACvC,OAAO,IAAAC,qBAAK,gEAC+CC,OAAO,CAACC,GAAG,CAACC,kBAAkB,4BAAkBJ,IAAI,EAC9G,CAACK,IAAI,CAAC,UAACC,QAAQ,EAAK;IACjB,IAAI,CAACA,QAAQ,CAACC,EAAE,EAAE;MACd,MAAM,IAAIC,KAAK,CAACF,QAAQ,CAACG,IAAI,EAAE,CAACC,OAAO,CAAC;IAC5C;IACA,OAAOJ,QAAQ,CAACG,IAAI,EAAE;EAC1B,CAAC,CAAC,SACQ,CAAC,UAACE,KAAK,EAAK;IACd,MAAMA,KAAK;EACf,CAAC,CAAC;AACV,CAAC;AAAC;AAEK,IAAMC,SAAS,GAAG,SAAZA,SAAS,CAAIZ,IAAI,EAAK;EAC/B,OAAO,IAAAC,qBAAK,gEAC+CC,OAAO,CAACC,GAAG,CAACC,kBAAkB,0EAAgEJ,IAAI,EAC5J,CAACK,IAAI,CAAC,UAACC,QAAQ,EAAK;IACjB,IAAI,CAACA,QAAQ,CAACC,EAAE,EAAE;MACd,MAAM,IAAIC,KAAK,CAACF,QAAQ,CAACG,IAAI,EAAE,CAACC,OAAO,CAAC;IAC5C;IACA,OAAOJ,QAAQ,CAACG,IAAI,EAAE;EAC1B,CAAC,CAAC,SACQ,CAAC,UAACE,KAAK,EAAK;IACd,MAAMA,KAAK;EACf,CAAC,CAAC;AACV,CAAC;AAAC;AAEK,IAAME,QAAQ,GAAG,SAAXA,QAAQ,CAAIC,EAAE,EAAK;EAC5B,OAAO,IAAAb,qBAAK,+CAC8Ba,EAAE,sBAAYZ,OAAO,CAACC,GAAG,CAACC,kBAAkB,EACrF,CAACC,IAAI,CAAC,UAACC,QAAQ,EAAK;IACjB,IAAI,CAACA,QAAQ,CAACC,EAAE,EAAE;MACd,MAAM,IAAIC,KAAK,CAACF,QAAQ,CAACG,IAAI,EAAE,CAACC,OAAO,CAAC;IAC5C;IACA,OAAOJ,QAAQ,CAACG,IAAI,EAAE;EAC1B,CAAC,CAAC,SACQ,CAAC,UAACE,KAAK,EAAK;IACd,MAAMA,KAAK;EACf,CAAC,CAAC;AACV,CAAC;AAAC;AAEK,IAAMI,cAAc,GAAG,SAAjBA,cAAc,CAAID,EAAE,EAAK;EAClC,OAAO,IAAAb,qBAAK,+CAC8Ba,EAAE,6BAAmBZ,OAAO,CAACC,GAAG,CAACC,kBAAkB,EAC5F,CAACC,IAAI,CAAC,UAACC,QAAQ,EAAK;IACjB,IAAI,CAACA,QAAQ,CAACC,EAAE,EAAE;MACd,MAAM,IAAIC,KAAK,CAACF,QAAQ,CAACG,IAAI,EAAE,CAACC,OAAO,CAAC;IAC5C;IACA,OAAOJ,QAAQ,CAACG,IAAI,EAAE;EAC1B,CAAC,CAAC,SACQ,CAAC,UAACE,KAAK,EAAK;IACd,MAAMA,KAAK;EACf,CAAC,CAAC;AACV,CAAC;AAAC;AAEK,IAAMK,eAAe,GAAG,SAAlBA,eAAe,CAAIF,EAAE,EAAK;EACnC,OAAO,IAAAb,qBAAK,+CAC8Ba,EAAE,8BAAoBZ,OAAO,CAACC,GAAG,CAACC,kBAAkB,EAC7F,CAACC,IAAI,CAAC,UAACC,QAAQ,EAAK;IACjB,IAAI,CAACA,QAAQ,CAACC,EAAE,EAAE;MACd,MAAM,IAAIC,KAAK,CAACF,QAAQ,CAACG,IAAI,EAAE,CAACC,OAAO,CAAC;IAC5C;IACA,OAAOJ,QAAQ,CAACG,IAAI,EAAE;EAC1B,CAAC,CAAC,SACQ,CAAC,UAACE,KAAK,EAAK;IACd,MAAMA,KAAK;EACf,CAAC,CAAC;AACV,CAAC;AAAC;AAEK,IAAMM,SAAS,GAAG,SAAZA,SAAS,CAAIjB,IAAI,EAAK;EAC/B,OAAO,IAAAC,qBAAK,gEAC+CC,OAAO,CAACC,GAAG,CAACC,kBAAkB,kCAAwBJ,IAAI,EACpH,CAACK,IAAI,CAAC,UAACC,QAAQ,EAAK;IACjB,IAAI,CAACA,QAAQ,CAACC,EAAE,EAAE;MACd,MAAM,IAAIC,KAAK,CAACF,QAAQ,CAACG,IAAI,EAAE,CAACC,OAAO,CAAC;IAC5C;IACA,OAAOJ,QAAQ,CAACG,IAAI,EAAE;EAC1B,CAAC,CAAC,SACQ,CAAC,UAACE,KAAK,EAAK;IACd,MAAMA,KAAK;EACf,CAAC,CAAC;AACV,CAAC;AAAC;AAEK,IAAMO,SAAS,GAAG,SAAZA,SAAS,CAAIJ,EAAE,EAAK;EAC7B,OAAO,IAAAb,qBAAK,gDAC+Ba,EAAE,sBAAYZ,OAAO,CAACC,GAAG,CAACC,kBAAkB,EACtF,CAACC,IAAI,CAAC,UAACC,QAAQ,EAAK;IAEjB,IAAI,CAACA,QAAQ,CAACC,EAAE,EAAE;MACd,MAAM,IAAIC,KAAK,CAACF,QAAQ,CAACG,IAAI,EAAE,CAACC,OAAO,CAAC;IAC5C;IACA,OAAOJ,QAAQ,CAACG,IAAI,EAAE;EAC1B,CAAC,CAAC,SACQ,CAAC,UAACE,KAAK,EAAK;IACd,MAAMA,KAAK;EACf,CAAC,CAAC;AACV,CAAC;AAAC;AAEK,IAAMQ,eAAe,GAAG,SAAlBA,eAAe,CAAIL,EAAE,EAAK;EACnC,OAAO,IAAAb,qBAAK,gDAC+Ba,EAAE,6BAAmBZ,OAAO,CAACC,GAAG,CAACC,kBAAkB,EAC7F,CAACC,IAAI,CAAC,UAACC,QAAQ,EAAK;IACjB,IAAI,CAACA,QAAQ,CAACC,EAAE,EAAE;MACd,MAAM,IAAIC,KAAK,CAACF,QAAQ,CAACG,IAAI,EAAE,CAACC,OAAO,CAAC;IAC5C;IACA,OAAOJ,QAAQ,CAACG,IAAI,EAAE;EAC1B,CAAC,CAAC,SACQ,CAAC,UAACE,KAAK,EAAK;IACd,MAAMA,KAAK;EACf,CAAC,CAAC;AACV,CAAC;AAAC;AAEK,IAAMS,qBAAqB,GAAG,SAAxBA,qBAAqB,CAAIN,EAAE,EAAK;EACzC,OAAO,IAAAb,qBAAK,gDAC+Ba,EAAE,oCAA0BZ,OAAO,CAACC,GAAG,CAACC,kBAAkB,EACpG,CAACC,IAAI,CAAC,UAACC,QAAQ,EAAK;IACjB,IAAI,CAACA,QAAQ,CAACC,EAAE,EAAE;MACd,MAAM,IAAIC,KAAK,CAACF,QAAQ,CAACG,IAAI,EAAE,CAACC,OAAO,CAAC;IAC5C;IACA,OAAOJ,QAAQ,CAACG,IAAI,EAAE;EAC1B,CAAC,CAAC,SACQ,CAAC,UAACE,KAAK,EAAK;IACd,MAAMA,KAAK;EACf,CAAC,CAAC;AACV,CAAC;AAAC;AAEK,IAAMU,oBAAoB,GAAG,SAAvBA,oBAAoB,CAAIP,EAAE,EAAK;EACxC,OAAO,IAAAb,qBAAK,gDAC+Ba,EAAE,mCAAyBZ,OAAO,CAACC,GAAG,CAACC,kBAAkB,EACnG,CAACC,IAAI,CAAC,UAACC,QAAQ,EAAK;IACjB,IAAI,CAACA,QAAQ,CAACC,EAAE,EAAE;MACd,MAAM,IAAIC,KAAK,CAACF,QAAQ,CAACG,IAAI,EAAE,CAACC,OAAO,CAAC;IAC5C;IACA,OAAOJ,QAA
[...]
ontinous Assessment\\assignment2\\api\\people\\","sources":["index.js"],"sourcesContent":["import express from 'express';\r\nimport asyncHandler from 'express-async-handler';\r\nimport { getPeople, getPerson, getPersonImages, getPersonMovieCredits, getPersonExternalIds } from '../tmdb-api';\r\nimport peopleModel from './peopleModel';\r\n\r\nconst router = express.Router();\r\nconst personIdReg = /^[0-9]+.?[0-9]*$/;\r\nconst pageReg = /^[1-9]+.?[1-9]*$/;\r\n\r\nrouter.get('/', asyncHandler(async (req, res) => {\r\n    const people = await peopleModel.find();\r\n    res.status(200).json(people);\r\n}));\r\n\r\n// Get person details\r\nrouter.get('/:id', asyncHandler(async (req, res) => {\r\n    if (!personIdReg.test(req.params.id)) {\r\n        res.status(403).json({ message: 'Invalid person id.', status_code: 403 });\r\n    }\r\n    else {\r\n        const id = parseInt(req.params.id);\r\n        const person = await peopleModel.findByPeopleDBId(id);\r\n        if (person) {\r\n            res.status(200).json(person);\r\n        } else {\r\n            res.status(404).json({ message: 'The resource you requested could not be found.', status_code: 404 });\r\n        }\r\n    }\r\n\r\n}));\r\n\r\nrouter.get('/tmdb/popular/page:page', asyncHandler(async (req, res) => {\r\n    if (pageReg.test(req.params.page)) {\r\n        const page = parseInt(req.params.page);\r\n        const people = await getPeople(page);\r\n        res.status(200).json(people);\r\n    }\r\n    else {\r\n        res.status(404).json({ message: 'Invalid page form.', status_code: 404 })\r\n    }\r\n}));\r\n\r\nrouter.get('/tmdb/person/:id', asyncHandler(async (req, res) => {\r\n    if (!personIdReg.test(req.params.id)) {\r\n        res.status(403).json({ message: 'Invalid person id.', status_code: 403 });\r\n    }\r\n    else {\r\n        const id = parseInt(req.params.id);\r\n        const person = await getPerson(id);\r\n        res.status(200).json(person);\r\n    }\r\n}));\r\n\r\nrouter.get('/tmdb/person/:id/images', asyncHandler(async (req, res) => {\r\n    if (!personIdReg.test(req.params.id)) {\r\n        res.status(403).json({ message: 'Invalid person id.', status_code: 403 });\r\n    }\r\n    else {\r\n        const id = parseInt(req.params.id);\r\n        const personImages = await getPersonImages(id);\r\n        res.status(200).json(personImages);\r\n    }\r\n}));\r\n\r\nrouter.get('/tmdb/person/:id/movie_credits', asyncHandler(async (req, res) => {\r\n    if (!personIdReg.test(req.params.id)) {\r\n        res.status(403).json({ message: 'Invalid person id.', status_code: 403 });\r\n    }\r\n    else {\r\n        const id = parseInt(req.params.id);\r\n        const personMovieCredits = await getPersonMovieCredits(id);\r\n        res.status(200).json(personMovieCredits);\r\n    }\r\n}));\r\n\r\nrouter.get('/tmdb/person/:id/external_ids', asyncHandler(async (req, res) => {\r\n    if (!personIdReg.test(req.params.id)) {\r\n        res.status(403).json({ message: 'Invalid person id.', status_code: 403 });\r\n    }\r\n    else {\r\n        const id = parseInt(req.params.id);\r\n        const personExternalIds = await getPersonExternalIds(id);\r\n        res.status(200).json(personExternalIds);\r\n    }\r\n}));\r\n\r\nexport default router;"],"mappings":";;;;;;;;;AAAA;AACA;AACA;AACA;AAEA,IAAMA,MAAM,GAAGC,mBAAO,CAACC,MAAM,EAAE;AAC/B,IAAMC,WAAW,GAAG,kBAAkB;AACtC,IAAMC,OAAO,GAAG,kBAAkB;AAElCJ,MAAM,CAACK,GAAG,CAAC,GAAG,EAAE,IAAAC,+BAAY;EAAA,yFAAC,iBAAOC,GAAG,EAAEC,GAAG;IAAA;IAAA;MAAA;QAAA;UAAA;UAAA,OACnBC,uBAAW,CAACC,IAAI,EAAE;QAAA;UAAjCC,MAAM;UACZH,GAAG,CAACI,MAAM,CAAC,GAAG,CAAC,CAACC,IAAI,CAACF,MAAM,CAAC;QAAC;QAAA;UAAA;MAAA;IAAA;EAAA,CAChC;EAAA;IAAA;EAAA;AAAA,IAAC,CAAC;;AAEH;AACAX,MAAM,CAACK,GAAG,CAAC,MAAM,EAAE,IAAAC,+BAAY;EAAA,0FAAC,kBAAOC,GAAG,EAAEC,GAAG;IAAA;IAAA;MAAA;QAAA;UAAA,IACtCL,WAAW,CAACW,IAAI,CAACP,GAAG,CAACQ,MAAM,CAACC,EAAE,CAAC;YAAA;YAAA;UAAA;UAChCR,GAAG,CAACI,MAAM,CAAC,GAAG,CAAC,CAACC,IAAI,CAAC;YAAEI,OAAO,EAAE,oBAAoB;YAAEC,WAAW,EAAE;UAAI,CAAC,CAAC;UAAC;UAAA;QAAA;UAGpEF,EAAE,GAAGG,QAAQ,CAACZ,GAAG,CAACQ,MAAM,CAACC,EAAE,CAAC;UAAA;UAAA,OACbP,uBAAW,CAACW,gBAAgB,CAACJ,EAAE,CAAC;QAAA;UAA/CK,MAAM;UACZ,IAAIA,MAAM,EAAE;YACRb,GAAG,CAACI,MAAM,CAAC,GAAG,CAAC,CAACC,IAAI,CAACQ,MAAM,CAAC;UAChC,CAAC,MAAM;YACHb,GAAG,CAACI,MAAM,CAAC,GAAG,CAAC,CAACC,IAAI,CAAC;cAAEI,OAAO,EAAE,gDAAgD;cAAEC,WAAW,EAAE;YAAI,CAAC,CAAC;UACzG;QAAC;QAAA;UAAA;MAAA;IAAA;EAAA,CAGR;EAAA;IAAA;EAAA;AAAA,IAAC,CAAC;AAEHlB,MAAM,CAACK,GAAG,CAAC,yBAAyB,EAAE,IAAAC,+BAAY;EAAA,0FAAC,kBAAOC,GAAG,EAAEC,GAAG;IAAA;IAAA;MAAA;QAAA;UAAA,KAC1DJ,OAAO,CAACU,IAAI,CAACP,GAAG,CAACQ,MAAM,CAACO,IAAI,CAAC;YAAA;YAAA;UAAA;UACvBA,IAAI,GAAGH,QAAQ,CAACZ,GAAG,CAACQ,MAAM,CAACO,IAAI,CAAC;UAAA;UAAA,OACjB,IAAAC,kBAAS,EAACD,IAAI,CAAC;QAAA;UAA9BX,MAAM;UACZH,GAAG,CAACI,MAAM,CAAC,GAAG,CAAC,CAACC,IAAI,CAACF,MAAM,CAAC;UAAC;UAAA;QAAA;UAG7BH,GAAG,CAACI,MAAM,CAAC,GAAG,CAAC,CAACC,IAAI,CAAC;YAAEI,OAAO,EAAE,oBAAoB;YAAEC,WAAW,EAAE;UAAI,CAAC,CAAC;QAAA;QAAA;UAAA;MAAA;IAAA;EAAA,CAEhF;EAAA;IAAA;EAAA;AAAA,IAAC,CAAC;AAEHlB,MAAM,CAACK,GAAG,CAAC,kBAAkB,EAAE,IAAAC,+BAAY;EAAA,0FAAC,kBAAOC,GAAG,EAAEC,GAAG;IAAA;IAAA;MAAA;QAAA;UAAA,IAClDL,WAAW,CAACW,IAAI,CAACP,GAAG,CAACQ,MAAM,CAACC,EAAE,CAAC;YAAA;YAAA;UAAA;UAChCR,GAAG,CAACI,MAAM,CAAC,GAAG,CAAC,CAACC,IAAI,CAAC;YAAEI,OAAO,EAAE,oBAAoB;YAAEC,WAAW,EAAE;UAAI,CAAC,CAAC;UAAC;UAAA;QAAA;UAGpEF,EAAE,GAAGG,QAAQ,CAACZ,GAAG,CAACQ,MAAM,CAACC,EAAE,CAAC;UAAA;UAAA,OACb,IAAAQ,kBAAS,EAACR,EAAE,CAAC;QAAA;UAA5BK,MAAM;UACZb,GAAG,CAACI,MAAM,CAAC,GAAG,CAAC,CAACC,IAAI,CAACQ,MAAM,CAAC;QAAC;QAAA;UAAA;MAAA;IAAA;EAAA,CAEpC;EAAA;IAAA;EAAA;AAAA,IAAC,CAAC;AAEHrB,MAAM,CAACK,GAAG,CAAC,yBAAyB,EAAE,IAAAC,+BAAY;EAAA,0FAAC,kBAAOC,GAAG,EAAEC,GAAG;IAAA;IAAA;MAAA;QAAA;UAAA,IACzDL,WAAW,CAACW,IAAI,CAACP,GAAG,CAACQ,MAAM,CAACC,EAAE,CAAC;YAAA;YAAA;UAAA;UAChCR,GAAG,CAACI,MAAM,CAAC,GAAG,CAAC,CAACC,IAAI,CAAC;YAAEI,OAAO,EAAE,oBAAoB;YAAEC,WAAW,EAAE;UAAI,CAAC,CAAC;UAAC;UAAA;QAAA;UAGpEF,EAAE,GAAGG,QAAQ,CAACZ,GAAG,CAACQ,MAAM,CAACC,EAAE,CAAC;UAAA;UAAA,OACP,IAAAS,wBAAe,EAACT,EAAE,CAAC;QAAA;UAAxCU,YAAY;UAClBlB,GAAG,CAACI,MAAM,CAAC,GAAG,CAAC,CAACC,IAAI,CAACa,YAAY,CAAC;QAAC;QAAA;UAAA;MAAA;IAAA;EAAA,CAE1C;EAAA;IAAA;EAAA;AAAA,IAAC,CAAC;AAEH1B,MAAM,CAACK,GAAG,CAAC,gCAAgC,EAAE,IAAAC,+BAAY;EAAA,0FAAC,kBAAOC,GAAG,EAAEC,GAAG;IAAA;IAAA;MAAA;QAAA;UAAA,IAChEL,WAAW,CAACW,IAAI,CAACP,GAAG,CAACQ,MAAM,CAACC,EAAE,CAAC;YAAA;YAAA;UAAA;UAChCR,GAAG,CAACI,MAAM,CAAC,GAAG,CAAC,CAACC,IAAI,CAAC;YAAEI,OAAO,EAAE,oBAAoB;YAAEC,WAAW,EAAE;UAAI,CAAC,CAAC;UAAC;UAAA;QAAA;UAGpEF,EAAE,GAAGG,QAAQ,CAACZ,GAAG,CAACQ,MAAM,CAACC,EAAE,CAAC;UAAA;UAAA,OACD,IAAAW,8BAAqB,EAACX,EAAE,CAAC;QAAA;UAApDY,kBAAkB;UACxBpB,GAAG,CAACI,MAAM,CAAC,GAAG,CAAC,CAACC,IAAI,CAACe,kBAAkB,CAAC;QAAC;QAAA;UAAA;MAAA;IAAA;EAAA,CAEhD;EAAA;IAAA;EAAA;AAAA,IAAC,CAAC;AAEH5B,MAAM,CAACK,GAAG,CAAC,+BAA+B,EAAE,IAAAC,+BAAY;EAAA,0FAAC,kBAAOC,GAAG,EAAEC,GAAG;IAAA;IAAA;MAAA;QAAA;UAAA,IAC/DL,WAAW,CAACW,IAAI,CAACP,GAAG,CAACQ,MAAM,CAACC,EAAE,CAAC;YAAA;YAAA;UAAA;UAChCR,GAAG,CAACI,MAAM,CAAC,GAAG,CAAC,CAACC,IAAI,CAAC;YAAEI,OAAO,EAAE,oBAAoB;YAAEC,WAAW,EAAE;UAAI,CAAC,CAAC;UAAC;UAAA;QAAA;UAGpEF,EAAE,GAAGG,QAAQ,CAACZ,GAAG,CAACQ,MAAM,CAACC,EAAE,CAAC;UAAA;UAAA,OACF,IAAAa,6BAAoB,EAACb,EAAE,CAAC;QAAA;UAAlDc,iBAAiB;UACvBtB,GAAG,CAACI,MAAM,CAAC,GAAG,CAAC,CAACC,IAAI,CAACiB,iBAAiB,CAAC;QAAC;QAAA;UAAA;MAAA;IAAA;EAAA,CAE/C;EAAA;IAAA;EAAA;AAAA,IAAC,CAAC;AAAC,eAEW9B,MAAM;AAAA"},"_coverageSchema":"1a1c01bbd47fc00a2c39e90264f33305004495a9","hash":"5e2213ea2b5f95187a7647d5f0f72840f82d8202","contentHash":"f15a4a1ee64ab54ac71301a0703e1f8585a3995961cfd5e1bac31b7b0195c7f9"},"D:\\NGNF\\大四一\\Agile Software Practice\\Continous Assessment\\assignment2\\api\\trending\\index.js":{"path":"D:\\NGNF\\大四一\\Agile Software Practice\\Continous Assessment\\assignment2\\api\\trending\\index.js","statementMap":{"0":{"start":{"line":3,"column":29},"end":{"line":3,"column":84}},"1":{"start":{"line":4,"column":0},"end":{"line":6,"column":3}},"2":{"start":{"line":7,"column":0},"end":{"line":7,"column":28}},"3":{"start":{"line":8,"column":19},"end":{"line":8,"column":80}},"4":{"start":{"line":9,"column":25},"end":{"line":9,"column":99}},"5":{"start":{"line":10,"column":15},"end":{"line":10,"column":57}},"6":{"start":{"line":11,"column":27},"end":{"line":11,"column":83}},"7":{"start":{"line":12,"column":15},"end":{"line":12,"column":37}},"8":{"start":{"line":13,"column":13},"end":{"line":13,"column":41}},"9":{"start":{"line":14,"column":0},"end":{"line":47,"column":6}},"10":{"start":{"line":15,"column":13},"end":{"line":43,"column":5}},"11":{"start":{"line":17,"column":4},"end":{"line":42,"column":16}},"12":{"start":{"line":18,"column":6},"end":{"line":41,"column":7}},"13":{"start":{"line":18,"column":16},"end":{"line":41,"column":7}},"14":{"start":{"line":20,"column":10},"end":{"line":20,"column":33}},"15":{"start":{"line":21,"column":10},"end":{"line":21,"column":47}},"16":{"start":{"line":22,"column":10},"end":{"line":25,"column":11}},"17":{"start":{"line":23,"column":12},"end":{"line":23,"column":30}},"18":{"start":{"line":24,"column":12},"end":{"line":24,"column":18}},"19":{"start":{"line":26,"column":10},"end":{"line":26,"column":28}},"20":{"start":{"line":27,"column":10},"end":{"line":27,"column":66}},"21":{"start":{"line":29,"column":10},"end":{"line":29,"column":39}},"22":{"start":{"line":30,"column":10},"end":{"line":30,"column":45}},"23":{"start":{"line":31,"column":10},"end":{"line":31,"column":29}},"24":{"start":{"line":32,"column":10},"end":{"line":32,"column":16}},"25":{"start":{"line":34,"column":10},"end":{"line":37,"column":13}},"26":{"start":{"line":40,"column":10},"end":{"line":40,"column":33}},"27":{"start":{"line":44,"column":2},"end":{"line":46,"column":4}},"28":{"start":{"line":45,"column":4},"end":{"line":45,"column":39}},"29":{"start":{"line":48,"column":15},"end":{"line":48,"column":21}},"30":{"start":{"line":49,"column":0},"end":{"line":49,"column":30}}},"fnMap":{"0":{"name":"(anonymous_0)","decl":{"start":{"line":14,"column":90},"end":{"line":14,"column":91}},"loc":{"start":{"line":14,"column":102},"end":{"line":47,"column":1}},"line":14},"1":{"name":"_callee","decl":{"start":{"line":15,"column":100},"end":{"line":15,"column":107}},"loc":{"start":{"line":15,"column":118},"end":{"line":43,"column":3}},"line":15},"2":{"name":"_callee$","decl":{"start":{"line":17,"column":49},"end":{"line":17,"column":57}},"loc":{"start":{"line":17,"column":68},"end":{"line":42,"column":5}},"line":17},"3":{"name":"(anonymous_3)","decl":{"start":{"line":44,"column":9},"end":{"line":44,"column":10}},"loc":{"start":{"line":44,"column":28},"end":{"line":46,"column":3}},"line":44}},"branchMap":{"0":{"loc":{"start":{"line":18,"column":16},"end":{"line":41,"column":7}},"type":"switch","locations":[{"start":{"line":19,"column":8},"end":{"line":27,"column":66}},{"start":{"line":28,"column":8},"end":{"line":32,"column":16}},{"start":{"line":33,"column":8},"end":{"line":37,"column":13}},{"start":{"line":38,"column":8},"end":{"line":38,"column":16}},{"start":{"line":39,"column":8},"end":{"line":40,"column":33}}],"line":18},"1":{"loc":{"start":{"line":22,"column":10},"end":{"line":25,"column":11}},"type":"if","locations":[{"start":{"line":22,"column":10},"end":{"line":25,"column":11}},{"start":{"line":22,"column":10},"end":{"line":25,"column":11}}],"line":22},"2":{"loc":{"start":{"line":22,"column":16},"end":{"line":22,"column":108}},"type":"binary-expr","locations":[{"start":{"line":22,"column":17},"end":{"line":22,"column":34}},{"start":{"line":22,"column":38},"end":{"line":22,"column":54}},{"start":{"line":22,"column":60},"end":{"line":22,"column":81}},{"start":{"line":22,"column":85},"end":{"line":22,"column":107}}],"line":22}},"s":{"0":1,"1":1,"2":1,"3":1,"4":1,"5":1,"6":1,"7":1,"8":1,"9":1,"10":1,"11":7,"12":11,"13":18,"14":7,"15":7,"16":7,"17":3,"18":3,"19":4,"20":4,"21":4,"22":4,"23":4,"24":4,"25":3,"26":7,"27":1,"28":7,"29":1,"30":1},"f":{"0":1,"1":7,"2":11,"3":7},"b":{"0":[7,4,3,7,7],"1":[3,4],"2":[7,4,5,2]},"inputSourceMap":{"version":3,"names":["router","express","Router","get","asyncHandler","req","res","type","params","time_window","getTrendingList","trendingList","status","json","message","status_code"],"sourceRoot":"D:\\NGNF\\大四一\\Agile Software Practice\\Continous Assessment\\assignment2\\api\\trending\\","sources":["index.js"],"sourcesContent":["import express from 'express';\r\nimport asyncHandler from 'express-async-handler';\r\nimport { getTrendingList } from '../tmdb-api';\r\n\r\nconst router = express.Router();\r\n\r\nrouter.get('/tmdb/:type/:time_window', asyncHandler(async (req, res) => {\r\n    const type = req.params.type;\r\n    const time_window = req.params.time_window;\r\n    if ((type === \"person\" || type === \"movie\") && (time_window === \"day\" || time_window === \"week\")) {\r\n        const trendingList = await getTrendingList(type, time_window);\r\n        res.status(200).json(trendingList);\r\n    }\r\n    else {\r\n        res.status(404).json({ message: 'Invalid trending type or time_window.', status_code: 404 });\r\n    }\r\n}));\r\n\r\nexport default router;"],"mappings":";;;;;;;;;AAAA;AACA;AACA;AAEA,IAAMA,MAAM,GAAGC,mBAAO,CAACC,MAAM,EAAE;AAE/BF,MAAM,CAACG,GAAG,CAAC,0BAA0B,EAAE,IAAAC,+BAAY;EAAA,yFAAC,iBAAOC,GAAG,EAAEC,GAAG;IAAA;IAAA;MAAA;QAAA;UACzDC,IAAI,GAAGF,GAAG,CAACG,MAAM,CAACD,IAAI;UACtBE,WAAW,GAAGJ,GAAG,CAACG,MAAM,CAACC,WAAW;UAAA,MACtC,CAACF,IAAI,KAAK,QAAQ,IAAIA,IAAI,KAAK,OAAO,MAAME,WAAW,KAAK,KAAK,IAAIA,WAAW,KAAK,MAAM,CAAC;YAAA;YAAA;UAAA;UAAA;UAAA,OACjE,IAAAC,wBAAe,EAACH,IAAI,EAAEE,WAAW,CAAC;QAAA;UAAvDE,YAAY;UAClBL,GAAG,CAACM,MAAM,CAAC,GAAG,CAAC,CAACC,IAAI,CAACF,YAAY,CAAC;UAAC;UAAA;QAAA;UAGnCL,GAAG,CAACM,MAAM,CAAC,GAAG,CAAC,CAACC,IAAI,CAAC;YAAEC,OAAO,EAAE,uCAAuC;YAAEC,WAAW,EAAE;UAAI,CAAC,CAAC;QAAC;QAAA;UAAA;MAAA;IAAA;EAAA,CAEpG;EAAA;IAAA;EAAA;AAAA,IAAC,CAAC;AAAC,eAEWf,MAAM;AAAA"},"_coverageSchema":"1a1c01bbd47fc00a2c39e90264f33305004495a9","hash":"3792e2de3433a7e339ab4b78f22932091166ca9d","contentHash":"2bad04683006e46c512691a300d40f69cf747725af8f294e3a290248ccf0c2c6"},"D:\\NGNF\\大四一\\Agile Software Practice\\Continous Assessment\\assignment2\\authenticate\\index.js":{"path":"D:\\NGNF\\大四一\\Agile Software Practice\\Continous Assessment\\assignment2\\authenticate\\index.js","statementMap":{"0":{"start":{"line":3,"column":29},"end":{"line":3,"column":84}},"1":{"start":{"line":4,"column":0},"end":{"line":6,"column":3}},"2":{"start":{"line":7,"column":0},"end":{"line":7,"column":28}},"3":{"start":{"line":8,"column":19},"end":{"line":8,"column":80}},"4":{"start":{"line":9,"column":25},"end":{"line":9,"column":99}},"5":{"start":{"line":10,"column":16},"end":{"line":10,"column":59}},"6":{"start":{"line":11,"column":19},"end":{"line":11,"column":66}},"7":{"start":{"line":12,"column":17},"end":{"line":12,"column":76}},"8":{"start":{"line":13,"column":14},"end":{"line":13,"column":55}},"9":{"start":{"line":14,"column":0},"end":{"line":14,"column":28}},"10":{"start":{"line":15,"column":18},"end":{"line":15,"column":50}},"11":{"start":{"line":16,"column":17},"end":{"line":16,"column":51}},"12":{"start":{"line":17,"column":17},"end":{"line":17,"column":19}},"13":{"start":{"line":18,"column":0},"end":{"line":18,"column":69}},"14":{"start":{"line":19,"column":0},"end":{"line":19,"column":44}},"15":{"start":{"line":20,"column":15},"end":{"line":44,"column":4}},"16":{"start":{"line":21,"column":13},"end":{"line":40,"column":5}},"17":{"start":{"line":23,"column":4},"end":{"line":39,"column":16}},"18":{"start":{"line":24,"column":6},"end":{"line":38,"column":7}},"19":{"start":{"line":24,"column":16},"end":{"line":38,"column":7}},"20":{"start":{"line":26,"column":10},"end":{"line":26,"column":28}},"21":{"start":{"line":27,"column":10},"end":{"line":27,"column":63}},"22":{"start":{"line":29,"column":10},"end":{"line":29,"column":31}},"23":{"start":{"line":30,"column":10},"end":{"line":34,"column":11}},"24":{"start":{"line":31,"column":12},"end":{"line":31,"column":29}},"25":{"start":{"line":33,"column":12},"end":{"line":33,"column":30}},"26":{"start":{"line":37,"column":10},"end":{"line":37,"column":33}},"27":{"start":{"line":41,"column":2},"end":{"line":43,"column":4}},"28":{"start":{"line":42,"column":4},"end":{"line":42,"column":39}},"29":{"start":{"line":45,"column":0},"end":{"line":45,"column":35}},"30":{"start":{"line":46,"column":15},"end":{"line":46,"column":35}},"31":{"start":{"line":47,"column":0},"end":{"line":47,"column":30}}},"fnMap":{"0":{"name":"(anonymous_0)","decl":{"start":{"line":20,"column":56},"end":{"line":20,"column":57}},"loc":{"start":{"line":20,"column":68},"end":{"line":44,"column":1}},"line":20},"1":{"name":"_callee","decl":{"start":{"line":21,"column":100},"end":{"line":21,"column":107}},"loc":{"start":{"line":21,"column":123},"end":{"line":40,"column":3}},"line":21},"2":{"name":"_callee$","decl":{"start":{"line":23,"column":49},"end":{"line":23,"column":57}},"loc":{"start":{"line":23,"column":68},"end":{"line":39,"column":5}},"line":23},"3":{"name":"(anonymous_3)","decl":{"start":{"line":41,"column":9},"end":{"line":41,"column":10}},"loc":{"start":{"line":41,"column":28},"end":{"line":43,"column":3}},"line":41}},"branchMap":{"0":{"loc":{"start":{"line":24,"column":16},"end":{"line":38,"column":7}},"type":"switch","locations":[{"start":{"line":25,"column":8},"end":{"line":27,"column":63}},{"start":{"line":28,"column":8},"end":{"line":34,"column":11}},{"start":{"line":35,"column":8},"end":{"line":35,"column":15}},{"start":{"line":36,"column":8},"end":{"line":37,"column":33}}],"line":24},"1":{"loc":{"start":{"line":30,"column":10},"end":{"line":34,"column":11}},"type":"if","locations":[{"start":{"line":30,"column":10},"end":{"line":34,"column":11}},{"start":{"line":30,"column":10},"end":{"line":34,"column":11}}],"line":30}},"s":{"0":1,"1":1,"2":1,"3":1,"4":1,"5":1,"6":1,"7":1,"8":1,"9":1,"10":1,"11":1,"12":1,"13":1,"14":1,"15":1,"16":1,"17":20,"18":40,"19":40,"20":20,"21":20,"22":20,"23":20,"24":20,"25":0,"26":20,"27":1,"28":20,"29":1,"30":1,"31":1},"f":{"0":1,"1":20,"2":40,"3":20},"b":{"0":[20,20,20,20],"1":[20,0]},"inputSourceMap":{"version":3,"names":["dotenv","config","JWTStrategy","passportJWT","Strategy","ExtractJWT","ExtractJwt","jwtOptions","jwtFromRequest","fromAuthHeaderAsBearerToken","secretOrKey","process","env","SECRET","strategy","payload","next","UserModel","findByUserName","user","passport","use"],"sourceRoot":"D:\\NGNF\\大四一\\Agile Software Practice\\Continous Assessment\\assignment2\\authenticate\\","sources":["index.js"],"sourcesContent":["import passport from 'passport';\r\nimport passportJWT from 'passport-jwt';\r\nimport UserModel from './../api/users/userModel';\r\nimport dotenv from 'dotenv';\r\n\r\ndotenv.config();\r\n\r\nconst JWTStrategy = passportJWT.Strategy;\r\nconst ExtractJWT = passportJWT.ExtractJwt;\r\n\r\nlet jwtOptions = {};\r\njwtOptions.jwtFromRequest = ExtractJWT.fromAuthHeaderAsBearerToken();\r\njwtOptions.secretOrKey = process.env.SECRET;\r\nconst strategy = new JWTStrategy(jwtOptions, async (payload, next) => {\r\n  const user = await UserModel.findByUserName(payload);\r\n  if (user) {\r\n    next(null, user);\r\n  } else {\r\n    next(null, false);\r\n  }\r\n});\r\npassport.use(strategy);\r\n\r\nexport default passport;"],"mappings":";;;;;;;;;AAAA;AACA;AACA;AACA;AAEAA,kBAAM,CAACC,MAAM,EAAE;AAEf,IAAMC,WAAW,GAAGC,uBAAW,CAACC,QAAQ;AACxC,IAAMC,UAAU,GAAGF,uBAAW,CAACG,UAAU;AAEzC,IAAIC,UAAU,GAAG,CAAC,CAAC;AACnBA,UAAU,CAACC,cAAc,GAAGH,UAAU,CAACI,2BAA2B,EAAE;AACpEF,UAAU,CAACG,WAAW,GAAGC,OAAO,CAACC,GAAG,CAACC,MAAM;AAC3C,IAAMC,QAAQ,GAAG,IAAIZ,WAAW,CAACK,UAAU;EAAA,yFAAE,iBAAOQ,OAAO,EAAEC,IAAI;IAAA;IAAA;MAAA;QAAA;UAAA;UAAA,OAC5CC,qBAAS,CAACC,cAAc,CAACH,OAAO,CAAC;QAAA;UAA9CI,IAAI;UACV,IAAIA,IAAI,EAAE;YACRH,IAAI,CAAC,IAAI,EAAEG,IAAI,CAAC;UAClB,CAAC,MAAM;YACLH,IAAI,CAAC,IAAI,EAAE,KAAK,CAAC;UACnB;QAAC;QAAA;UAAA;MAAA;IAAA;EAAA,CACF;EAAA;IAAA;EAAA;AAAA,IAAC;AACFI,oBAAQ,CAACC,GAAG,CAACP,QAAQ,CAAC;AAAC,eAERM,oBAAQ;AAAA"},"_coverageSchema":"1a1c01bbd47fc00a2c39e90264f33305004495a9","hash":"4b48bed29a89f9ceeb0af560f1e7eb452f111319","contentHash":"80ead3806369d8208aea122d085cf64ba2303106491c971dc5dfc9460f256ed4"}}